[36m[GATEWAY_TESTING] [2023-06-10T05:57:02.970Z] Connect to server success +0ms [39m
[36m[GATEWAY_TESTING] [2023-06-10T05:57:06.140Z] !czuwb2:packet-1# +0ms [39m
[36m{[39m
[36m  "message": "!czuwb2:packet-1#"[39m
[36m}[39m
[36m[GATEWAY_TESTING] [2023-06-10T05:57:06.144Z] !czuwb2:packet-2# +4ms [39m
[36m{[39m
[36m  "message": "!czuwb2:packet-2#"[39m
[36m}[39m
[36m[GATEWAY_TESTING] [2023-06-10T05:57:06.146Z] !czuwb2:packet-3# +2ms [39m
[36m{[39m
[36m  "message": "!czuwb2:packet-3#"[39m
[36m}[39m
[36m[GATEWAY_TESTING] [2023-06-10T05:57:06.147Z] !czuwb2:packet-4# +1ms [39m
[36m{[39m
[36m  "message": "!czuwb2:packet-4#"[39m
[36m}[39m
[36m[GATEWAY_TESTING] [2023-06-10T05:57:06.149Z] !czuwb2:packet-5# +2ms [39m
[36m{[39m
[36m  "message": "!czuwb2:packet-5#"[39m
[36m}[39m
[36m[GATEWAY_TESTING] [2023-06-10T05:57:06.151Z] !czuwb2:packet-6# +2ms [39m
[36m{[39m
[36m  "message": "!czuwb2:packet-6#"[39m
[36m}[39m
[36m[GATEWAY_TESTING] [2023-06-10T05:57:06.153Z] !czuwb2:packet-7# +2ms [39m
[36m{[39m
[36m  "message": "!czuwb2:packet-7#"[39m
[36m}[39m
[36m[GATEWAY_TESTING] [2023-06-10T05:57:06.155Z] !czuwb2:packet-8# +2ms [39m
[36m{[39m
[36m  "message": "!czuwb2:packet-8#"[39m
[36m}[39m
[36m[GATEWAY_TESTING] [2023-06-10T05:57:06.157Z] !czuwb2:packet-9# +2ms [39m
[36m{[39m
[36m  "message": "!czuwb2:packet-9#"[39m
[36m}[39m
[36m[GATEWAY_TESTING] [2023-06-10T05:57:06.159Z] !czuwb2:packet-10# +2ms [39m
[36m{[39m
[36m  "message": "!czuwb2:packet-10#"[39m
[36m}[39m
[33m[GATEWAY_TESTING] [2023-06-10T05:57:06.538Z] packet-1 +4s [39m
[33m{[39m
[33m  "message": "packet-1"[39m
[33m}[39m
[32m[GATEWAY_TESTING] [2023-06-10T05:57:06.539Z] packet-1 +1ms [39m
[32m{[39m
[32m  "message": "packet-1"[39m
[32m}[39m
[36m[GATEWAY_TESTING] [2023-06-10T05:57:06.540Z] packet-1 +1ms [39m
[36m{[39m
[36m  "message": "packet-1"[39m
[36m}[39m
[33m[GATEWAY_TESTING] [2023-06-10T05:57:06.859Z] packet-2 +319ms [39m
[33m{[39m
[33m  "message": "packet-2"[39m
[33m}[39m
[32m[GATEWAY_TESTING] [2023-06-10T05:57:06.860Z] packet-2 +1ms [39m
[32m{[39m
[32m  "message": "packet-2"[39m
[32m}[39m
[36m[GATEWAY_TESTING] [2023-06-10T05:57:06.860Z] packet-2 +0ms [39m
[36m{[39m
[36m  "message": "packet-2"[39m
[36m}[39m
[33m[GATEWAY_TESTING] [2023-06-10T05:57:06.861Z] packet-9 +1ms [39m
[33m{[39m
[33m  "message": "packet-9"[39m
[33m}[39m
[32m[GATEWAY_TESTING] [2023-06-10T05:57:06.862Z] packet-9 +1ms [39m
[32m{[39m
[32m  "message": "packet-9"[39m
[32m}[39m
[36m[GATEWAY_TESTING] [2023-06-10T05:57:06.862Z] packet-9 +0ms [39m
[36m{[39m
[36m  "message": "packet-9"[39m
[36m}[39m
[33m[GATEWAY_TESTING] [2023-06-10T05:57:06.863Z] packet-5 +1ms [39m
[33m{[39m
[33m  "message": "packet-5"[39m
[33m}[39m
[32m[GATEWAY_TESTING] [2023-06-10T05:57:06.864Z] packet-5 +1ms [39m
[32m{[39m
[32m  "message": "packet-5"[39m
[32m}[39m
[36m[GATEWAY_TESTING] [2023-06-10T05:57:06.864Z] packet-5 +0ms [39m
[36m{[39m
[36m  "message": "packet-5"[39m
[36m}[39m
[33m[GATEWAY_TESTING] [2023-06-10T05:57:06.866Z] packet-3 +2ms [39m
[33m{[39m
[33m  "message": "packet-3"[39m
[33m}[39m
[32m[GATEWAY_TESTING] [2023-06-10T05:57:06.866Z] packet-3 +0ms [39m
[32m{[39m
[32m  "message": "packet-3"[39m
[32m}[39m
[36m[GATEWAY_TESTING] [2023-06-10T05:57:06.866Z] packet-3 +0ms [39m
[36m{[39m
[36m  "message": "packet-3"[39m
[36m}[39m
[33m[GATEWAY_TESTING] [2023-06-10T05:57:06.867Z] packet-7 +1ms [39m
[33m{[39m
[33m  "message": "packet-7"[39m
[33m}[39m
[32m[GATEWAY_TESTING] [2023-06-10T05:57:06.867Z] packet-7 +0ms [39m
[32m{[39m
[32m  "message": "packet-7"[39m
[32m}[39m
[36m[GATEWAY_TESTING] [2023-06-10T05:57:06.867Z] packet-7 +0ms [39m
[36m{[39m
[36m  "message": "packet-7"[39m
[36m}[39m
[33m[GATEWAY_TESTING] [2023-06-10T05:57:06.867Z] packet-8 +0ms [39m
[33m{[39m
[33m  "message": "packet-8"[39m
[33m}[39m
[32m[GATEWAY_TESTING] [2023-06-10T05:57:06.868Z] packet-8 +1ms [39m
[32m{[39m
[32m  "message": "packet-8"[39m
[32m}[39m
[36m[GATEWAY_TESTING] [2023-06-10T05:57:06.868Z] packet-8 +0ms [39m
[36m{[39m
[36m  "message": "packet-8"[39m
[36m}[39m
[33m[GATEWAY_TESTING] [2023-06-10T05:57:06.868Z] packet-4 +0ms [39m
[33m{[39m
[33m  "message": "packet-4"[39m
[33m}[39m
[32m[GATEWAY_TESTING] [2023-06-10T05:57:06.869Z] packet-4 +1ms [39m
[32m{[39m
[32m  "message": "packet-4"[39m
[32m}[39m
[36m[GATEWAY_TESTING] [2023-06-10T05:57:06.869Z] packet-4 +0ms [39m
[36m{[39m
[36m  "message": "packet-4"[39m
[36m}[39m
[33m[GATEWAY_TESTING] [2023-06-10T05:57:07.112Z] packet-10 +243ms [39m
[33m{[39m
[33m  "message": "packet-10"[39m
[33m}[39m
[32m[GATEWAY_TESTING] [2023-06-10T05:57:07.113Z] packet-10 +1ms [39m
[32m{[39m
[32m  "message": "packet-10"[39m
[32m}[39m
[36m[GATEWAY_TESTING] [2023-06-10T05:57:07.113Z] packet-10 +0ms [39m
[36m{[39m
[36m  "message": "packet-10"[39m
[36m}[39m
[36m[GATEWAY_TESTING] [2023-06-10T05:59:22.435Z] Connect to server success +0ms [39m
[36m[GATEWAY_TESTING] [2023-06-10T05:59:26.819Z] !czuwb2:packet-1# +0ms [39m
[36m{[39m
[36m  "message": "!czuwb2:packet-1#"[39m
[36m}[39m
[36m[GATEWAY_TESTING] [2023-06-10T05:59:26.823Z] !czuwb2:packet-2# +4ms [39m
[36m{[39m
[36m  "message": "!czuwb2:packet-2#"[39m
[36m}[39m
[36m[GATEWAY_TESTING] [2023-06-10T05:59:26.825Z] !czuwb2:packet-3# +2ms [39m
[36m{[39m
[36m  "message": "!czuwb2:packet-3#"[39m
[36m}[39m
[36m[GATEWAY_TESTING] [2023-06-10T05:59:26.826Z] !czuwb2:packet-4# +1ms [39m
[36m{[39m
[36m  "message": "!czuwb2:packet-4#"[39m
[36m}[39m
[36m[GATEWAY_TESTING] [2023-06-10T05:59:26.827Z] !czuwb2:packet-5# +1ms [39m
[36m{[39m
[36m  "message": "!czuwb2:packet-5#"[39m
[36m}[39m
[36m[GATEWAY_TESTING] [2023-06-10T05:59:26.829Z] !czuwb2:packet-6# +2ms [39m
[36m{[39m
[36m  "message": "!czuwb2:packet-6#"[39m
[36m}[39m
[36m[GATEWAY_TESTING] [2023-06-10T05:59:26.831Z] !czuwb2:packet-7# +2ms [39m
[36m{[39m
[36m  "message": "!czuwb2:packet-7#"[39m
[36m}[39m
[36m[GATEWAY_TESTING] [2023-06-10T05:59:26.832Z] !czuwb2:packet-8# +1ms [39m
[36m{[39m
[36m  "message": "!czuwb2:packet-8#"[39m
[36m}[39m
[36m[GATEWAY_TESTING] [2023-06-10T05:59:26.834Z] !czuwb2:packet-9# +2ms [39m
[36m{[39m
[36m  "message": "!czuwb2:packet-9#"[39m
[36m}[39m
[36m[GATEWAY_TESTING] [2023-06-10T05:59:26.836Z] !czuwb2:packet-10# +2ms [39m
[36m{[39m
[36m  "message": "!czuwb2:packet-10#"[39m
[36m}[39m
[33m[GATEWAY_TESTING] [2023-06-10T05:59:27.233Z] packet-1 +5s [39m
[33m{[39m
[33m  "message": "packet-1"[39m
[33m}[39m
[32m[GATEWAY_TESTING] [2023-06-10T05:59:27.234Z] packet-1 +1ms [39m
[32m{[39m
[32m  "message": "packet-1"[39m
[32m}[39m
[33m[GATEWAY_TESTING] [2023-06-10T05:59:27.553Z] packet-4 +319ms [39m
[33m{[39m
[33m  "message": "packet-4"[39m
[33m}[39m
[32m[GATEWAY_TESTING] [2023-06-10T05:59:27.554Z] packet-4 +1ms [39m
[32m{[39m
[32m  "message": "packet-4"[39m
[32m}[39m
[33m[GATEWAY_TESTING] [2023-06-10T05:59:27.554Z] packet-3 +0ms [39m
[33m{[39m
[33m  "message": "packet-3"[39m
[33m}[39m
[32m[GATEWAY_TESTING] [2023-06-10T05:59:27.554Z] packet-3 +0ms [39m
[32m{[39m
[32m  "message": "packet-3"[39m
[32m}[39m
[33m[GATEWAY_TESTING] [2023-06-10T05:59:27.555Z] packet-5 +1ms [39m
[33m{[39m
[33m  "message": "packet-5"[39m
[33m}[39m
[32m[GATEWAY_TESTING] [2023-06-10T05:59:27.555Z] packet-5 +0ms [39m
[32m{[39m
[32m  "message": "packet-5"[39m
[32m}[39m
[33m[GATEWAY_TESTING] [2023-06-10T05:59:27.556Z] packet-7 +1ms [39m
[33m{[39m
[33m  "message": "packet-7"[39m
[33m}[39m
[32m[GATEWAY_TESTING] [2023-06-10T05:59:27.556Z] packet-7 +0ms [39m
[32m{[39m
[32m  "message": "packet-7"[39m
[32m}[39m
[33m[GATEWAY_TESTING] [2023-06-10T05:59:27.556Z] packet-6 +0ms [39m
[33m{[39m
[33m  "message": "packet-6"[39m
[33m}[39m
[32m[GATEWAY_TESTING] [2023-06-10T05:59:27.557Z] packet-6 +1ms [39m
[32m{[39m
[32m  "message": "packet-6"[39m
[32m}[39m
[33m[GATEWAY_TESTING] [2023-06-10T05:59:27.557Z] packet-9 +0ms [39m
[33m{[39m
[33m  "message": "packet-9"[39m
[33m}[39m
[32m[GATEWAY_TESTING] [2023-06-10T05:59:27.557Z] packet-9 +0ms [39m
[32m{[39m
[32m  "message": "packet-9"[39m
[32m}[39m
[33m[GATEWAY_TESTING] [2023-06-10T05:59:27.558Z] packet-10 +1ms [39m
[33m{[39m
[33m  "message": "packet-10"[39m
[33m}[39m
[32m[GATEWAY_TESTING] [2023-06-10T05:59:27.558Z] packet-10 +0ms [39m
[32m{[39m
[32m  "message": "packet-10"[39m
[32m}[39m
[33m[GATEWAY_TESTING] [2023-06-10T05:59:27.558Z] packet-8 +0ms [39m
[33m{[39m
[33m  "message": "packet-8"[39m
[33m}[39m
[32m[GATEWAY_TESTING] [2023-06-10T05:59:27.558Z] packet-8 +0ms [39m
[32m{[39m
[32m  "message": "packet-8"[39m
[32m}[39m
[33m[GATEWAY_TESTING] [2023-06-10T06:00:47.937Z] packet-1 +1m [39m
[33m{[39m
[33m  "message": "packet-1"[39m
[33m}[39m
[32m[GATEWAY_TESTING] [2023-06-10T06:00:47.937Z] packet-1 +0ms [39m
[32m{[39m
[32m  "message": "packet-1"[39m
[32m}[39m
[32m[GATEWAY_TESTING] [2023-06-10T06:00:47.938Z] Packet #1 +1ms [39m
[32m{[39m
[32m  "receivedPacket": "packet-1",[39m
[32m  "expectedPacket": "packet-1"[39m
[32m}[39m
[32m[GATEWAY_TESTING] [2023-06-10T06:00:47.938Z] Packet #2 +0ms [39m
[32m{[39m
[32m  "receivedPacket": "packet-4",[39m
[32m  "expectedPacket": "packet-2"[39m
[32m}[39m
[32m[GATEWAY_TESTING] [2023-06-10T06:00:47.938Z] Packet #3 +0ms [39m
[32m{[39m
[32m  "receivedPacket": "packet-3",[39m
[32m  "expectedPacket": "packet-3"[39m
[32m}[39m
[32m[GATEWAY_TESTING] [2023-06-10T06:00:47.938Z] Packet #4 +0ms [39m
[32m{[39m
[32m  "receivedPacket": "packet-5",[39m
[32m  "expectedPacket": "packet-4"[39m
[32m}[39m
[32m[GATEWAY_TESTING] [2023-06-10T06:00:47.938Z] Packet #5 +0ms [39m
[32m{[39m
[32m  "receivedPacket": "packet-7",[39m
[32m  "expectedPacket": "packet-5"[39m
[32m}[39m
[32m[GATEWAY_TESTING] [2023-06-10T06:00:47.938Z] Packet #6 +0ms [39m
[32m{[39m
[32m  "receivedPacket": "packet-6",[39m
[32m  "expectedPacket": "packet-6"[39m
[32m}[39m
[32m[GATEWAY_TESTING] [2023-06-10T06:00:47.938Z] Packet #7 +0ms [39m
[32m{[39m
[32m  "receivedPacket": "packet-9",[39m
[32m  "expectedPacket": "packet-7"[39m
[32m}[39m
[32m[GATEWAY_TESTING] [2023-06-10T06:00:47.938Z] Packet #8 +0ms [39m
[32m{[39m
[32m  "receivedPacket": "packet-10",[39m
[32m  "expectedPacket": "packet-8"[39m
[32m}[39m
[32m[GATEWAY_TESTING] [2023-06-10T06:00:47.938Z] Packet #9 +0ms [39m
[32m{[39m
[32m  "receivedPacket": "packet-8",[39m
[32m  "expectedPacket": "packet-9"[39m
[32m}[39m
[32m[GATEWAY_TESTING] [2023-06-10T06:00:47.938Z] Packet #10 +0ms [39m
[32m{[39m
[32m  "receivedPacket": "packet-1",[39m
[32m  "expectedPacket": "packet-10"[39m
[32m}[39m
[32m[GATEWAY_TESTING] [2023-06-10T06:00:47.938Z] Total packets receive 10 +0ms [39m
[32m[GATEWAY_TESTING] [2023-06-10T06:00:47.938Z] Fail packets 7 +0ms [39m
[36m[GATEWAY_TESTING] [2023-06-10T08:34:06.725Z] Connect to server success +0ms [39m
[36m[GATEWAY_TESTING] [2023-06-10T08:34:09.432Z] !czuwb2:packet-1# +0ms [39m
[36m{[39m
[36m  "message": "!czuwb2:packet-1#"[39m
[36m}[39m
[36m[GATEWAY_TESTING] [2023-06-10T08:34:09.435Z] !czuwb2:packet-2# +3ms [39m
[36m{[39m
[36m  "message": "!czuwb2:packet-2#"[39m
[36m}[39m
[36m[GATEWAY_TESTING] [2023-06-10T08:34:09.437Z] !czuwb2:packet-3# +2ms [39m
[36m{[39m
[36m  "message": "!czuwb2:packet-3#"[39m
[36m}[39m
[36m[GATEWAY_TESTING] [2023-06-10T08:34:09.439Z] !czuwb2:packet-4# +2ms [39m
[36m{[39m
[36m  "message": "!czuwb2:packet-4#"[39m
[36m}[39m
[36m[GATEWAY_TESTING] [2023-06-10T08:34:09.441Z] !czuwb2:packet-5# +2ms [39m
[36m{[39m
[36m  "message": "!czuwb2:packet-5#"[39m
[36m}[39m
[36m[GATEWAY_TESTING] [2023-06-10T08:34:09.442Z] !czuwb2:packet-6# +1ms [39m
[36m{[39m
[36m  "message": "!czuwb2:packet-6#"[39m
[36m}[39m
[36m[GATEWAY_TESTING] [2023-06-10T08:34:09.443Z] !czuwb2:packet-7# +1ms [39m
[36m{[39m
[36m  "message": "!czuwb2:packet-7#"[39m
[36m}[39m
[36m[GATEWAY_TESTING] [2023-06-10T08:34:09.444Z] !czuwb2:packet-8# +1ms [39m
[36m{[39m
[36m  "message": "!czuwb2:packet-8#"[39m
[36m}[39m
[36m[GATEWAY_TESTING] [2023-06-10T08:34:09.445Z] !czuwb2:packet-9# +1ms [39m
[36m{[39m
[36m  "message": "!czuwb2:packet-9#"[39m
[36m}[39m
[36m[GATEWAY_TESTING] [2023-06-10T08:34:09.447Z] !czuwb2:packet-10# +2ms [39m
[36m{[39m
[36m  "message": "!czuwb2:packet-10#"[39m
[36m}[39m
[32m[GATEWAY_TESTING] [2023-06-10T08:34:10.366Z] Receive packet: "packet-1" +4s [39m
[32m[GATEWAY_TESTING] [2023-06-10T08:34:11.285Z] Receive packet: "packet-3" +919ms [39m
[32m[GATEWAY_TESTING] [2023-06-10T08:34:12.207Z] Receive packet: "packet-2" +922ms [39m
[32m[GATEWAY_TESTING] [2023-06-10T08:34:13.135Z] Receive packet: "packet-4" +928ms [39m
[32m[GATEWAY_TESTING] [2023-06-10T08:34:14.051Z] Receive packet: "packet-5" +916ms [39m
[32m[GATEWAY_TESTING] [2023-06-10T08:34:14.831Z] Receive packet: "packet-6" +780ms [39m
[32m[GATEWAY_TESTING] [2023-06-10T08:34:15.792Z] Receive packet: "packet-7" +961ms [39m
[32m[GATEWAY_TESTING] [2023-06-10T08:34:16.713Z] Receive packet: "packet-8" +921ms [39m
[32m[GATEWAY_TESTING] [2023-06-10T08:34:16.731Z] Packet #1 +19ms [39m
[32m{[39m
[32m  "receivedPacket": "packet-1",[39m
[32m  "expectedPacket": "packet-1"[39m
[32m}[39m
[32m[GATEWAY_TESTING] [2023-06-10T08:34:16.732Z] Packet #2 +0ms [39m
[32m{[39m
[32m  "receivedPacket": "packet-3",[39m
[32m  "expectedPacket": "packet-2"[39m
[32m}[39m
[32m[GATEWAY_TESTING] [2023-06-10T08:34:16.733Z] Packet #3 +1ms [39m
[32m{[39m
[32m  "receivedPacket": "packet-2",[39m
[32m  "expectedPacket": "packet-3"[39m
[32m}[39m
[32m[GATEWAY_TESTING] [2023-06-10T08:34:16.733Z] Packet #4 +0ms [39m
[32m{[39m
[32m  "receivedPacket": "packet-4",[39m
[32m  "expectedPacket": "packet-4"[39m
[32m}[39m
[32m[GATEWAY_TESTING] [2023-06-10T08:34:16.733Z] Packet #5 +0ms [39m
[32m{[39m
[32m  "receivedPacket": "packet-5",[39m
[32m  "expectedPacket": "packet-5"[39m
[32m}[39m
[32m[GATEWAY_TESTING] [2023-06-10T08:34:16.733Z] Packet #6 +0ms [39m
[32m{[39m
[32m  "receivedPacket": "packet-6",[39m
[32m  "expectedPacket": "packet-6"[39m
[32m}[39m
[32m[GATEWAY_TESTING] [2023-06-10T08:34:16.733Z] Packet #7 +0ms [39m
[32m{[39m
[32m  "receivedPacket": "packet-7",[39m
[32m  "expectedPacket": "packet-7"[39m
[32m}[39m
[32m[GATEWAY_TESTING] [2023-06-10T08:34:16.733Z] Packet #8 +0ms [39m
[32m{[39m
[32m  "receivedPacket": "packet-8",[39m
[32m  "expectedPacket": "packet-8"[39m
[32m}[39m
[33m[GATEWAY_TESTING] [2023-06-10T08:34:16.733Z] Total packets receive 8 +0ms [39m
[32m[GATEWAY_TESTING] [2023-06-10T08:34:16.734Z] Total packets receive 8 +1ms [39m
[33m[GATEWAY_TESTING] [2023-06-10T08:34:16.734Z] Fail packets 2 +0ms [39m
[32m[GATEWAY_TESTING] [2023-06-10T08:34:16.734Z] Fail packets 2 +0ms [39m
[32m[GATEWAY_TESTING] [2023-06-10T08:34:17.570Z] Receive packet: "packet-9" +836ms [39m
[32m[GATEWAY_TESTING] [2023-06-10T08:34:18.454Z] Receive packet: "packet-10" +884ms [39m
[32m[GATEWAY_TESTING] [2023-06-10T08:34:18.454Z] Packet #1 +0ms [39m
[32m{[39m
[32m  "receivedPacket": "packet-1",[39m
[32m  "expectedPacket": "packet-1"[39m
[32m}[39m
[32m[GATEWAY_TESTING] [2023-06-10T08:34:18.454Z] Packet #2 +0ms [39m
[32m{[39m
[32m  "receivedPacket": "packet-3",[39m
[32m  "expectedPacket": "packet-2"[39m
[32m}[39m
[32m[GATEWAY_TESTING] [2023-06-10T08:34:18.455Z] Packet #3 +1ms [39m
[32m{[39m
[32m  "receivedPacket": "packet-2",[39m
[32m  "expectedPacket": "packet-3"[39m
[32m}[39m
[32m[GATEWAY_TESTING] [2023-06-10T08:34:18.455Z] Packet #4 +0ms [39m
[32m{[39m
[32m  "receivedPacket": "packet-4",[39m
[32m  "expectedPacket": "packet-4"[39m
[32m}[39m
[32m[GATEWAY_TESTING] [2023-06-10T08:34:18.455Z] Packet #5 +0ms [39m
[32m{[39m
[32m  "receivedPacket": "packet-5",[39m
[32m  "expectedPacket": "packet-5"[39m
[32m}[39m
[32m[GATEWAY_TESTING] [2023-06-10T08:34:18.455Z] Packet #6 +0ms [39m
[32m{[39m
[32m  "receivedPacket": "packet-6",[39m
[32m  "expectedPacket": "packet-6"[39m
[32m}[39m
[32m[GATEWAY_TESTING] [2023-06-10T08:34:18.455Z] Packet #7 +0ms [39m
[32m{[39m
[32m  "receivedPacket": "packet-7",[39m
[32m  "expectedPacket": "packet-7"[39m
[32m}[39m
[32m[GATEWAY_TESTING] [2023-06-10T08:34:18.456Z] Packet #8 +1ms [39m
[32m{[39m
[32m  "receivedPacket": "packet-8",[39m
[32m  "expectedPacket": "packet-8"[39m
[32m}[39m
[32m[GATEWAY_TESTING] [2023-06-10T08:34:18.456Z] Packet #9 +0ms [39m
[32m{[39m
[32m  "receivedPacket": "packet-9",[39m
[32m  "expectedPacket": "packet-9"[39m
[32m}[39m
[32m[GATEWAY_TESTING] [2023-06-10T08:34:18.456Z] Packet #10 +0ms [39m
[32m{[39m
[32m  "receivedPacket": "packet-10",[39m
[32m  "expectedPacket": "packet-10"[39m
[32m}[39m
[33m[GATEWAY_TESTING] [2023-06-10T08:34:18.456Z] Total packets receive 10 +0ms [39m
[32m[GATEWAY_TESTING] [2023-06-10T08:34:18.456Z] Total packets receive 10 +0ms [39m
[33m[GATEWAY_TESTING] [2023-06-10T08:34:18.456Z] Fail packets 2 +0ms [39m
[32m[GATEWAY_TESTING] [2023-06-10T08:34:18.456Z] Fail packets 2 +0ms [39m
[36m[GATEWAY_TESTING] [2023-06-10T08:34:56.463Z] Connect to server success +0ms [39m
[36m[GATEWAY_TESTING] [2023-06-10T08:35:18.257Z] Connect to server success +0ms [39m
[36m[GATEWAY_TESTING] [2023-06-10T08:35:21.389Z] !czuwb2:packet-1# +0ms [39m
[36m{[39m
[36m  "message": "!czuwb2:packet-1#"[39m
[36m}[39m
[36m[GATEWAY_TESTING] [2023-06-10T08:35:21.393Z] !czuwb2:packet-2# +4ms [39m
[36m{[39m
[36m  "message": "!czuwb2:packet-2#"[39m
[36m}[39m
[36m[GATEWAY_TESTING] [2023-06-10T08:35:21.395Z] !czuwb2:packet-3# +2ms [39m
[36m{[39m
[36m  "message": "!czuwb2:packet-3#"[39m
[36m}[39m
[36m[GATEWAY_TESTING] [2023-06-10T08:35:21.397Z] !czuwb2:packet-4# +2ms [39m
[36m{[39m
[36m  "message": "!czuwb2:packet-4#"[39m
[36m}[39m
[36m[GATEWAY_TESTING] [2023-06-10T08:35:21.399Z] !czuwb2:packet-5# +2ms [39m
[36m{[39m
[36m  "message": "!czuwb2:packet-5#"[39m
[36m}[39m
[36m[GATEWAY_TESTING] [2023-06-10T08:35:21.401Z] !czuwb2:packet-6# +2ms [39m
[36m{[39m
[36m  "message": "!czuwb2:packet-6#"[39m
[36m}[39m
[36m[GATEWAY_TESTING] [2023-06-10T08:35:21.403Z] !czuwb2:packet-7# +2ms [39m
[36m{[39m
[36m  "message": "!czuwb2:packet-7#"[39m
[36m}[39m
[36m[GATEWAY_TESTING] [2023-06-10T08:35:21.403Z] !czuwb2:packet-8# +0ms [39m
[36m{[39m
[36m  "message": "!czuwb2:packet-8#"[39m
[36m}[39m
[36m[GATEWAY_TESTING] [2023-06-10T08:35:21.405Z] !czuwb2:packet-9# +2ms [39m
[36m{[39m
[36m  "message": "!czuwb2:packet-9#"[39m
[36m}[39m
[36m[GATEWAY_TESTING] [2023-06-10T08:35:21.407Z] !czuwb2:packet-10# +2ms [39m
[36m{[39m
[36m  "message": "!czuwb2:packet-10#"[39m
[36m}[39m
[33m[GATEWAY_TESTING] [2023-06-10T08:35:22.355Z] Receive packet: "packet-1" +4s [39m
[32m[GATEWAY_TESTING] [2023-06-10T08:35:22.356Z] Receive packet: "packet-1" +0ms [39m
[33m[GATEWAY_TESTING] [2023-06-10T08:35:23.170Z] Receive packet: "packet-2" +814ms [39m
[32m[GATEWAY_TESTING] [2023-06-10T08:35:23.172Z] Receive packet: "packet-2" +2ms [39m
[33m[GATEWAY_TESTING] [2023-06-10T08:35:24.091Z] Receive packet: "packet-3" +919ms [39m
[32m[GATEWAY_TESTING] [2023-06-10T08:35:24.092Z] Receive packet: "packet-3" +1ms [39m
[33m[GATEWAY_TESTING] [2023-06-10T08:35:25.017Z] Receive packet: "packet-4" +925ms [39m
[32m[GATEWAY_TESTING] [2023-06-10T08:35:25.017Z] Receive packet: "packet-4" +0ms [39m
[33m[GATEWAY_TESTING] [2023-06-10T08:35:25.935Z] Receive packet: "packet-5" +918ms [39m
[32m[GATEWAY_TESTING] [2023-06-10T08:35:25.935Z] Receive packet: "packet-5" +0ms [39m
[33m[GATEWAY_TESTING] [2023-06-10T08:35:26.797Z] Receive packet: "packet-6" +862ms [39m
[32m[GATEWAY_TESTING] [2023-06-10T08:35:26.798Z] Receive packet: "packet-6" +1ms [39m
[33m[GATEWAY_TESTING] [2023-06-10T08:35:27.779Z] Receive packet: "packet-7" +981ms [39m
[32m[GATEWAY_TESTING] [2023-06-10T08:35:27.780Z] Receive packet: "packet-7" +1ms [39m
[33m[GATEWAY_TESTING] [2023-06-10T08:35:28.647Z] Receive packet: "packet-8" +867ms [39m
[32m[GATEWAY_TESTING] [2023-06-10T08:35:28.648Z] Receive packet: "packet-8" +1ms [39m
[33m[GATEWAY_TESTING] [2023-06-10T08:35:29.563Z] Receive packet: "packet-9" +915ms [39m
[32m[GATEWAY_TESTING] [2023-06-10T08:35:29.563Z] Receive packet: "packet-9" +0ms [39m
[33m[GATEWAY_TESTING] [2023-06-10T08:35:30.560Z] Receive packet: "packet-10" +997ms [39m
[32m[GATEWAY_TESTING] [2023-06-10T08:35:30.560Z] Receive packet: "packet-10" +0ms [39m
[32m[GATEWAY_TESTING] [2023-06-10T08:35:30.561Z] Packet #1 +1ms [39m
[32m{[39m
[32m  "receivedPacket": "packet-1",[39m
[32m  "expectedPacket": "packet-1"[39m
[32m}[39m
[32m[GATEWAY_TESTING] [2023-06-10T08:35:30.562Z] Packet #2 +1ms [39m
[32m{[39m
[32m  "receivedPacket": "packet-2",[39m
[32m  "expectedPacket": "packet-2"[39m
[32m}[39m
[32m[GATEWAY_TESTING] [2023-06-10T08:35:30.562Z] Packet #3 +0ms [39m
[32m{[39m
[32m  "receivedPacket": "packet-3",[39m
[32m  "expectedPacket": "packet-3"[39m
[32m}[39m
[32m[GATEWAY_TESTING] [2023-06-10T08:35:30.562Z] Packet #4 +0ms [39m
[32m{[39m
[32m  "receivedPacket": "packet-4",[39m
[32m  "expectedPacket": "packet-4"[39m
[32m}[39m
[32m[GATEWAY_TESTING] [2023-06-10T08:35:30.562Z] Packet #5 +0ms [39m
[32m{[39m
[32m  "receivedPacket": "packet-5",[39m
[32m  "expectedPacket": "packet-5"[39m
[32m}[39m
[32m[GATEWAY_TESTING] [2023-06-10T08:35:30.562Z] Packet #6 +0ms [39m
[32m{[39m
[32m  "receivedPacket": "packet-6",[39m
[32m  "expectedPacket": "packet-6"[39m
[32m}[39m
[32m[GATEWAY_TESTING] [2023-06-10T08:35:30.562Z] Packet #7 +0ms [39m
[32m{[39m
[32m  "receivedPacket": "packet-7",[39m
[32m  "expectedPacket": "packet-7"[39m
[32m}[39m
[32m[GATEWAY_TESTING] [2023-06-10T08:35:30.562Z] Packet #8 +0ms [39m
[32m{[39m
[32m  "receivedPacket": "packet-8",[39m
[32m  "expectedPacket": "packet-8"[39m
[32m}[39m
[32m[GATEWAY_TESTING] [2023-06-10T08:35:30.562Z] Packet #9 +0ms [39m
[32m{[39m
[32m  "receivedPacket": "packet-9",[39m
[32m  "expectedPacket": "packet-9"[39m
[32m}[39m
[32m[GATEWAY_TESTING] [2023-06-10T08:35:30.562Z] Packet #10 +0ms [39m
[32m{[39m
[32m  "receivedPacket": "packet-10",[39m
[32m  "expectedPacket": "packet-10"[39m
[32m}[39m
[33m[GATEWAY_TESTING] [2023-06-10T08:35:30.563Z] Total packets receive 10 +1ms [39m
[32m[GATEWAY_TESTING] [2023-06-10T08:35:30.563Z] Total packets receive 10 +0ms [39m
[33m[GATEWAY_TESTING] [2023-06-10T08:35:30.563Z] Fail packets 0 +0ms [39m
[32m[GATEWAY_TESTING] [2023-06-10T08:35:30.563Z] Fail packets 0 +0ms [39m
[36m[GATEWAY_TESTING] [2023-06-10T09:18:41.664Z] Connect to server success +0ms [39m
[36m[GATEWAY_TESTING] [2023-06-10T09:18:54.749Z] !xru264:packet-1# +0ms [39m
[36m{[39m
[36m  "message": "!xru264:packet-1#"[39m
[36m}[39m
[36m[GATEWAY_TESTING] [2023-06-10T09:18:54.761Z] !xru264:packet-2# +12ms [39m
[36m{[39m
[36m  "message": "!xru264:packet-2#"[39m
[36m}[39m
[36m[GATEWAY_TESTING] [2023-06-10T09:18:54.773Z] !xru264:packet-3# +12ms [39m
[36m{[39m
[36m  "message": "!xru264:packet-3#"[39m
[36m}[39m
[36m[GATEWAY_TESTING] [2023-06-10T09:18:54.785Z] !xru264:packet-4# +12ms [39m
[36m{[39m
[36m  "message": "!xru264:packet-4#"[39m
[36m}[39m
[36m[GATEWAY_TESTING] [2023-06-10T09:18:54.796Z] !xru264:packet-5# +11ms [39m
[36m{[39m
[36m  "message": "!xru264:packet-5#"[39m
[36m}[39m
[36m[GATEWAY_TESTING] [2023-06-10T09:18:54.808Z] !xru264:packet-6# +12ms [39m
[36m{[39m
[36m  "message": "!xru264:packet-6#"[39m
[36m}[39m
[36m[GATEWAY_TESTING] [2023-06-10T09:18:54.820Z] !xru264:packet-7# +12ms [39m
[36m{[39m
[36m  "message": "!xru264:packet-7#"[39m
[36m}[39m
[36m[GATEWAY_TESTING] [2023-06-10T09:18:54.831Z] !xru264:packet-8# +11ms [39m
[36m{[39m
[36m  "message": "!xru264:packet-8#"[39m
[36m}[39m
[36m[GATEWAY_TESTING] [2023-06-10T09:18:54.843Z] !xru264:packet-9# +12ms [39m
[36m{[39m
[36m  "message": "!xru264:packet-9#"[39m
[36m}[39m
[36m[GATEWAY_TESTING] [2023-06-10T09:18:54.854Z] !xru264:packet-10# +11ms [39m
[36m{[39m
[36m  "message": "!xru264:packet-10#"[39m
[36m}[39m
[36m[GATEWAY_TESTING] [2023-06-10T09:18:54.863Z] !czuwb2:packet-1# +9ms [39m
[36m{[39m
[36m  "message": "!czuwb2:packet-1#"[39m
[36m}[39m
[36m[GATEWAY_TESTING] [2023-06-10T09:18:54.875Z] !czuwb2:packet-2# +12ms [39m
[36m{[39m
[36m  "message": "!czuwb2:packet-2#"[39m
[36m}[39m
[36m[GATEWAY_TESTING] [2023-06-10T09:18:54.886Z] !czuwb2:packet-3# +11ms [39m
[36m{[39m
[36m  "message": "!czuwb2:packet-3#"[39m
[36m}[39m
[36m[GATEWAY_TESTING] [2023-06-10T09:18:54.897Z] !czuwb2:packet-4# +11ms [39m
[36m{[39m
[36m  "message": "!czuwb2:packet-4#"[39m
[36m}[39m
[36m[GATEWAY_TESTING] [2023-06-10T09:18:54.909Z] !czuwb2:packet-5# +12ms [39m
[36m{[39m
[36m  "message": "!czuwb2:packet-5#"[39m
[36m}[39m
[36m[GATEWAY_TESTING] [2023-06-10T09:18:54.920Z] !czuwb2:packet-6# +11ms [39m
[36m{[39m
[36m  "message": "!czuwb2:packet-6#"[39m
[36m}[39m
[36m[GATEWAY_TESTING] [2023-06-10T09:18:54.932Z] !czuwb2:packet-7# +12ms [39m
[36m{[39m
[36m  "message": "!czuwb2:packet-7#"[39m
[36m}[39m
[36m[GATEWAY_TESTING] [2023-06-10T09:18:54.943Z] !czuwb2:packet-8# +11ms [39m
[36m{[39m
[36m  "message": "!czuwb2:packet-8#"[39m
[36m}[39m
[36m[GATEWAY_TESTING] [2023-06-10T09:18:54.954Z] !czuwb2:packet-9# +11ms [39m
[36m{[39m
[36m  "message": "!czuwb2:packet-9#"[39m
[36m}[39m
[36m[GATEWAY_TESTING] [2023-06-10T09:18:54.966Z] !czuwb2:packet-10# +12ms [39m
[36m{[39m
[36m  "message": "!czuwb2:packet-10#"[39m
[36m}[39m
[33m[GATEWAY_TESTING] [2023-06-10T09:18:55.688Z] Receive packet: "packet-1" +14s [39m
[32m[GATEWAY_TESTING] [2023-06-10T09:18:55.689Z] Receive packet: "packet-1" +1ms [39m
[33m[GATEWAY_TESTING] [2023-06-10T09:18:58.659Z] Receive packet: "packet-2" +3s [39m
[32m[GATEWAY_TESTING] [2023-06-10T09:18:58.660Z] Receive packet: "packet-2" +1ms [39m
[33m[GATEWAY_TESTING] [2023-06-10T09:19:01.631Z] Receive packet: "packet-3" +3s [39m
[32m[GATEWAY_TESTING] [2023-06-10T09:19:01.633Z] Receive packet: "packet-3" +2ms [39m
[33m[GATEWAY_TESTING] [2023-06-10T09:19:04.496Z] Receive packet: "packet-4" +3s [39m
[32m[GATEWAY_TESTING] [2023-06-10T09:19:04.497Z] Receive packet: "packet-4" +1ms [39m
[33m[GATEWAY_TESTING] [2023-06-10T09:19:07.289Z] Receive packet: "packet-5" +3s [39m
[32m[GATEWAY_TESTING] [2023-06-10T09:19:07.290Z] Receive packet: "packet-5" +1ms [39m
[33m[GATEWAY_TESTING] [2023-06-10T09:19:10.066Z] Receive packet: "packet-6" +3s [39m
[32m[GATEWAY_TESTING] [2023-06-10T09:19:10.067Z] Receive packet: "packet-6" +1ms [39m
[33m[GATEWAY_TESTING] [2023-06-10T09:19:13.446Z] Receive packet: "packet-7" +3s [39m
[32m[GATEWAY_TESTING] [2023-06-10T09:19:13.447Z] Receive packet: "packet-7" +1ms [39m
[33m[GATEWAY_TESTING] [2023-06-10T09:19:16.270Z] Receive packet: "packet-8" +3s [39m
[32m[GATEWAY_TESTING] [2023-06-10T09:19:16.271Z] Receive packet: "packet-8" +1ms [39m
[33m[GATEWAY_TESTING] [2023-06-10T09:19:19.118Z] Receive packet: "packet-9" +3s [39m
[32m[GATEWAY_TESTING] [2023-06-10T09:19:19.118Z] Receive packet: "packet-9" +0ms [39m
[33m[GATEWAY_TESTING] [2023-06-10T09:19:21.902Z] Receive packet: "packet-10" +3s [39m
[32m[GATEWAY_TESTING] [2023-06-10T09:19:21.902Z] Receive packet: "packet-10" +0ms [39m
[32m[GATEWAY_TESTING] [2023-06-10T09:19:21.903Z] Packet #1 +1ms [39m
[32m{[39m
[32m  "receivedPacket": "packet-1",[39m
[32m  "expectedPacket": "packet-1"[39m
[32m}[39m
[32m[GATEWAY_TESTING] [2023-06-10T09:19:21.904Z] Packet #2 +1ms [39m
[32m{[39m
[32m  "receivedPacket": "packet-2",[39m
[32m  "expectedPacket": "packet-2"[39m
[32m}[39m
[32m[GATEWAY_TESTING] [2023-06-10T09:19:21.904Z] Packet #3 +0ms [39m
[32m{[39m
[32m  "receivedPacket": "packet-3",[39m
[32m  "expectedPacket": "packet-3"[39m
[32m}[39m
[32m[GATEWAY_TESTING] [2023-06-10T09:19:21.904Z] Packet #4 +0ms [39m
[32m{[39m
[32m  "receivedPacket": "packet-4",[39m
[32m  "expectedPacket": "packet-4"[39m
[32m}[39m
[32m[GATEWAY_TESTING] [2023-06-10T09:19:21.904Z] Packet #5 +0ms [39m
[32m{[39m
[32m  "receivedPacket": "packet-5",[39m
[32m  "expectedPacket": "packet-5"[39m
[32m}[39m
[32m[GATEWAY_TESTING] [2023-06-10T09:19:21.904Z] Packet #6 +0ms [39m
[32m{[39m
[32m  "receivedPacket": "packet-6",[39m
[32m  "expectedPacket": "packet-6"[39m
[32m}[39m
[32m[GATEWAY_TESTING] [2023-06-10T09:19:21.904Z] Packet #7 +0ms [39m
[32m{[39m
[32m  "receivedPacket": "packet-7",[39m
[32m  "expectedPacket": "packet-7"[39m
[32m}[39m
[32m[GATEWAY_TESTING] [2023-06-10T09:19:21.904Z] Packet #8 +0ms [39m
[32m{[39m
[32m  "receivedPacket": "packet-8",[39m
[32m  "expectedPacket": "packet-8"[39m
[32m}[39m
[32m[GATEWAY_TESTING] [2023-06-10T09:19:21.904Z] Packet #9 +0ms [39m
[32m{[39m
[32m  "receivedPacket": "packet-9",[39m
[32m  "expectedPacket": "packet-9"[39m
[32m}[39m
[32m[GATEWAY_TESTING] [2023-06-10T09:19:21.904Z] Packet #10 +0ms [39m
[32m{[39m
[32m  "receivedPacket": "packet-10",[39m
[32m  "expectedPacket": "packet-10"[39m
[32m}[39m
[33m[GATEWAY_TESTING] [2023-06-10T09:19:21.904Z] Total packets receive 10 +0ms [39m
[32m[GATEWAY_TESTING] [2023-06-10T09:19:21.904Z] Total packets receive 10 +0ms [39m
[33m[GATEWAY_TESTING] [2023-06-10T09:19:21.904Z] Fail packets 0 +0ms [39m
[32m[GATEWAY_TESTING] [2023-06-10T09:19:21.905Z] Fail packets 0 +1ms [39m
[36m[GATEWAY_TESTING] [2023-06-10T09:21:21.837Z] !xru264:packet-1# +0ms [39m
[36m{[39m
[36m  "message": "!xru264:packet-1#"[39m
[36m}[39m
[36m[GATEWAY_TESTING] [2023-06-10T09:21:21.850Z] !xru264:packet-2# +13ms [39m
[36m{[39m
[36m  "message": "!xru264:packet-2#"[39m
[36m}[39m
[36m[GATEWAY_TESTING] [2023-06-10T09:21:21.862Z] !xru264:packet-3# +12ms [39m
[36m{[39m
[36m  "message": "!xru264:packet-3#"[39m
[36m}[39m
[36m[GATEWAY_TESTING] [2023-06-10T09:21:21.873Z] !xru264:packet-4# +11ms [39m
[36m{[39m
[36m  "message": "!xru264:packet-4#"[39m
[36m}[39m
[36m[GATEWAY_TESTING] [2023-06-10T09:21:21.885Z] !xru264:packet-5# +12ms [39m
[36m{[39m
[36m  "message": "!xru264:packet-5#"[39m
[36m}[39m
[36m[GATEWAY_TESTING] [2023-06-10T09:21:21.897Z] !xru264:packet-6# +12ms [39m
[36m{[39m
[36m  "message": "!xru264:packet-6#"[39m
[36m}[39m
[36m[GATEWAY_TESTING] [2023-06-10T09:21:21.907Z] !xru264:packet-7# +10ms [39m
[36m{[39m
[36m  "message": "!xru264:packet-7#"[39m
[36m}[39m
[36m[GATEWAY_TESTING] [2023-06-10T09:21:21.919Z] !xru264:packet-8# +12ms [39m
[36m{[39m
[36m  "message": "!xru264:packet-8#"[39m
[36m}[39m
[36m[GATEWAY_TESTING] [2023-06-10T09:21:21.930Z] !xru264:packet-9# +11ms [39m
[36m{[39m
[36m  "message": "!xru264:packet-9#"[39m
[36m}[39m
[36m[GATEWAY_TESTING] [2023-06-10T09:21:21.941Z] !xru264:packet-10# +11ms [39m
[36m{[39m
[36m  "message": "!xru264:packet-10#"[39m
[36m}[39m
[36m[GATEWAY_TESTING] [2023-06-10T09:22:03.449Z] !xru264:packet-1# +0ms [39m
[36m{[39m
[36m  "message": "!xru264:packet-1#"[39m
[36m}[39m
[36m[GATEWAY_TESTING] [2023-06-10T09:22:03.462Z] !xru264:packet-2# +13ms [39m
[36m{[39m
[36m  "message": "!xru264:packet-2#"[39m
[36m}[39m
[36m[GATEWAY_TESTING] [2023-06-10T09:22:03.474Z] !xru264:packet-3# +12ms [39m
[36m{[39m
[36m  "message": "!xru264:packet-3#"[39m
[36m}[39m
[36m[GATEWAY_TESTING] [2023-06-10T09:22:03.485Z] !xru264:packet-4# +11ms [39m
[36m{[39m
[36m  "message": "!xru264:packet-4#"[39m
[36m}[39m
[36m[GATEWAY_TESTING] [2023-06-10T09:22:03.497Z] !xru264:packet-5# +12ms [39m
[36m{[39m
[36m  "message": "!xru264:packet-5#"[39m
[36m}[39m
[36m[GATEWAY_TESTING] [2023-06-10T09:22:03.508Z] !xru264:packet-6# +11ms [39m
[36m{[39m
[36m  "message": "!xru264:packet-6#"[39m
[36m}[39m
[36m[GATEWAY_TESTING] [2023-06-10T09:22:03.520Z] !xru264:packet-7# +12ms [39m
[36m{[39m
[36m  "message": "!xru264:packet-7#"[39m
[36m}[39m
[36m[GATEWAY_TESTING] [2023-06-10T09:22:03.531Z] !xru264:packet-8# +11ms [39m
[36m{[39m
[36m  "message": "!xru264:packet-8#"[39m
[36m}[39m
[36m[GATEWAY_TESTING] [2023-06-10T09:22:03.543Z] !xru264:packet-9# +12ms [39m
[36m{[39m
[36m  "message": "!xru264:packet-9#"[39m
[36m}[39m
[36m[GATEWAY_TESTING] [2023-06-10T09:22:03.555Z] !xru264:packet-10# +12ms [39m
[36m{[39m
[36m  "message": "!xru264:packet-10#"[39m
[36m}[39m
[36m[GATEWAY_TESTING] [2023-06-10T09:22:03.565Z] !czuwb2:packet-1# +10ms [39m
[36m{[39m
[36m  "message": "!czuwb2:packet-1#"[39m
[36m}[39m
[36m[GATEWAY_TESTING] [2023-06-10T09:22:03.577Z] !czuwb2:packet-2# +12ms [39m
[36m{[39m
[36m  "message": "!czuwb2:packet-2#"[39m
[36m}[39m
[36m[GATEWAY_TESTING] [2023-06-10T09:22:03.588Z] !czuwb2:packet-3# +11ms [39m
[36m{[39m
[36m  "message": "!czuwb2:packet-3#"[39m
[36m}[39m
[36m[GATEWAY_TESTING] [2023-06-10T09:22:03.600Z] !czuwb2:packet-4# +12ms [39m
[36m{[39m
[36m  "message": "!czuwb2:packet-4#"[39m
[36m}[39m
[36m[GATEWAY_TESTING] [2023-06-10T09:22:03.611Z] !czuwb2:packet-5# +11ms [39m
[36m{[39m
[36m  "message": "!czuwb2:packet-5#"[39m
[36m}[39m
[36m[GATEWAY_TESTING] [2023-06-10T09:22:03.623Z] !czuwb2:packet-6# +12ms [39m
[36m{[39m
[36m  "message": "!czuwb2:packet-6#"[39m
[36m}[39m
[36m[GATEWAY_TESTING] [2023-06-10T09:22:03.634Z] !czuwb2:packet-7# +11ms [39m
[36m{[39m
[36m  "message": "!czuwb2:packet-7#"[39m
[36m}[39m
[36m[GATEWAY_TESTING] [2023-06-10T09:22:03.645Z] !czuwb2:packet-8# +11ms [39m
[36m{[39m
[36m  "message": "!czuwb2:packet-8#"[39m
[36m}[39m
[36m[GATEWAY_TESTING] [2023-06-10T09:22:03.657Z] !czuwb2:packet-9# +12ms [39m
[36m{[39m
[36m  "message": "!czuwb2:packet-9#"[39m
[36m}[39m
[36m[GATEWAY_TESTING] [2023-06-10T09:22:03.668Z] !czuwb2:packet-10# +11ms [39m
[36m{[39m
[36m  "message": "!czuwb2:packet-10#"[39m
[36m}[39m
[36m[GATEWAY_TESTING] [2023-06-10T09:23:38.484Z] Connect to server success +0ms [39m
[36m[GATEWAY_TESTING] [2023-06-10T09:23:40.291Z] !xru264:packet-1# +0ms [39m
[36m{[39m
[36m  "message": "!xru264:packet-1#"[39m
[36m}[39m
[36m[GATEWAY_TESTING] [2023-06-10T09:23:40.304Z] !xru264:packet-2# +13ms [39m
[36m{[39m
[36m  "message": "!xru264:packet-2#"[39m
[36m}[39m
[36m[GATEWAY_TESTING] [2023-06-10T09:23:40.316Z] !xru264:packet-3# +12ms [39m
[36m{[39m
[36m  "message": "!xru264:packet-3#"[39m
[36m}[39m
[36m[GATEWAY_TESTING] [2023-06-10T09:23:40.326Z] !xru264:packet-4# +10ms [39m
[36m{[39m
[36m  "message": "!xru264:packet-4#"[39m
[36m}[39m
[36m[GATEWAY_TESTING] [2023-06-10T09:23:40.338Z] !xru264:packet-5# +12ms [39m
[36m{[39m
[36m  "message": "!xru264:packet-5#"[39m
[36m}[39m
[36m[GATEWAY_TESTING] [2023-06-10T09:23:40.348Z] !xru264:packet-6# +10ms [39m
[36m{[39m
[36m  "message": "!xru264:packet-6#"[39m
[36m}[39m
[36m[GATEWAY_TESTING] [2023-06-10T09:23:40.360Z] !xru264:packet-7# +12ms [39m
[36m{[39m
[36m  "message": "!xru264:packet-7#"[39m
[36m}[39m
[36m[GATEWAY_TESTING] [2023-06-10T09:23:40.370Z] !xru264:packet-8# +10ms [39m
[36m{[39m
[36m  "message": "!xru264:packet-8#"[39m
[36m}[39m
[36m[GATEWAY_TESTING] [2023-06-10T09:23:40.382Z] !xru264:packet-9# +12ms [39m
[36m{[39m
[36m  "message": "!xru264:packet-9#"[39m
[36m}[39m
[36m[GATEWAY_TESTING] [2023-06-10T09:23:40.393Z] !xru264:packet-10# +11ms [39m
[36m{[39m
[36m  "message": "!xru264:packet-10#"[39m
[36m}[39m
[36m[GATEWAY_TESTING] [2023-06-10T09:23:40.406Z] !czuwb2:packet-1# +13ms [39m
[36m{[39m
[36m  "message": "!czuwb2:packet-1#"[39m
[36m}[39m
[36m[GATEWAY_TESTING] [2023-06-10T09:23:40.417Z] !czuwb2:packet-2# +11ms [39m
[36m{[39m
[36m  "message": "!czuwb2:packet-2#"[39m
[36m}[39m
[36m[GATEWAY_TESTING] [2023-06-10T09:23:40.429Z] !czuwb2:packet-3# +12ms [39m
[36m{[39m
[36m  "message": "!czuwb2:packet-3#"[39m
[36m}[39m
[36m[GATEWAY_TESTING] [2023-06-10T09:23:40.440Z] !czuwb2:packet-4# +11ms [39m
[36m{[39m
[36m  "message": "!czuwb2:packet-4#"[39m
[36m}[39m
[36m[GATEWAY_TESTING] [2023-06-10T09:23:40.452Z] !czuwb2:packet-5# +12ms [39m
[36m{[39m
[36m  "message": "!czuwb2:packet-5#"[39m
[36m}[39m
[36m[GATEWAY_TESTING] [2023-06-10T09:23:40.463Z] !czuwb2:packet-6# +11ms [39m
[36m{[39m
[36m  "message": "!czuwb2:packet-6#"[39m
[36m}[39m
[36m[GATEWAY_TESTING] [2023-06-10T09:23:40.476Z] !czuwb2:packet-7# +13ms [39m
[36m{[39m
[36m  "message": "!czuwb2:packet-7#"[39m
[36m}[39m
[36m[GATEWAY_TESTING] [2023-06-10T09:23:40.487Z] !czuwb2:packet-8# +12ms [39m
[36m{[39m
[36m  "message": "!czuwb2:packet-8#"[39m
[36m}[39m
[36m[GATEWAY_TESTING] [2023-06-10T09:23:40.499Z] !czuwb2:packet-9# +11ms [39m
[36m{[39m
[36m  "message": "!czuwb2:packet-9#"[39m
[36m}[39m
[36m[GATEWAY_TESTING] [2023-06-10T09:23:40.510Z] !czuwb2:packet-10# +12ms [39m
[36m{[39m
[36m  "message": "!czuwb2:packet-10#"[39m
[36m}[39m
[33m[GATEWAY_TESTING] [2023-06-10T09:23:41.070Z] Receive packet: "packet-1" +3s [39m
[32m[GATEWAY_TESTING] [2023-06-10T09:23:41.071Z] Receive packet: "packet-1" +1ms [39m
[33m[GATEWAY_TESTING] [2023-06-10T09:23:43.908Z] Receive packet: "packet-2" +3s [39m
[32m[GATEWAY_TESTING] [2023-06-10T09:23:43.909Z] Receive packet: "packet-2" +1ms [39m
[33m[GATEWAY_TESTING] [2023-06-10T09:23:46.801Z] Receive packet: "packet-3" +3s [39m
[32m[GATEWAY_TESTING] [2023-06-10T09:23:46.802Z] Receive packet: "packet-3" +1ms [39m
[33m[GATEWAY_TESTING] [2023-06-10T09:23:49.710Z] Receive packet: "packet-4" +3s [39m
[32m[GATEWAY_TESTING] [2023-06-10T09:23:49.710Z] Receive packet: "packet-4" +0ms [39m
[33m[GATEWAY_TESTING] [2023-06-10T09:23:52.418Z] Receive packet: "packet-5" +3s [39m
[32m[GATEWAY_TESTING] [2023-06-10T09:23:52.419Z] Receive packet: "packet-5" +1ms [39m
[33m[GATEWAY_TESTING] [2023-06-10T09:23:55.363Z] Receive packet: "packet-6" +3s [39m
[32m[GATEWAY_TESTING] [2023-06-10T09:23:55.363Z] Receive packet: "packet-6" +0ms [39m
[33m[GATEWAY_TESTING] [2023-06-10T09:23:58.209Z] Receive packet: "packet-7" +3s [39m
[32m[GATEWAY_TESTING] [2023-06-10T09:23:58.210Z] Receive packet: "packet-7" +1ms [39m
[33m[GATEWAY_TESTING] [2023-06-10T09:24:01.179Z] Receive packet: "packet-8" +3s [39m
[32m[GATEWAY_TESTING] [2023-06-10T09:24:01.180Z] Receive packet: "packet-8" +1ms [39m
[33m[GATEWAY_TESTING] [2023-06-10T09:24:04.046Z] Receive packet: "packet-9" +3s [39m
[32m[GATEWAY_TESTING] [2023-06-10T09:24:04.047Z] Receive packet: "packet-9" +1ms [39m
[33m[GATEWAY_TESTING] [2023-06-10T09:24:06.848Z] Receive packet: "packet-10" +3s [39m
[32m[GATEWAY_TESTING] [2023-06-10T09:24:06.849Z] Receive packet: "packet-10" +1ms [39m
[32m[GATEWAY_TESTING] [2023-06-10T09:24:06.850Z] Packet #1 +1ms [39m
[32m{[39m
[32m  "receivedPacket": "packet-1",[39m
[32m  "expectedPacket": "packet-1"[39m
[32m}[39m
[32m[GATEWAY_TESTING] [2023-06-10T09:24:06.850Z] Packet #2 +0ms [39m
[32m{[39m
[32m  "receivedPacket": "packet-2",[39m
[32m  "expectedPacket": "packet-2"[39m
[32m}[39m
[32m[GATEWAY_TESTING] [2023-06-10T09:24:06.850Z] Packet #3 +0ms [39m
[32m{[39m
[32m  "receivedPacket": "packet-3",[39m
[32m  "expectedPacket": "packet-3"[39m
[32m}[39m
[32m[GATEWAY_TESTING] [2023-06-10T09:24:06.850Z] Packet #4 +0ms [39m
[32m{[39m
[32m  "receivedPacket": "packet-4",[39m
[32m  "expectedPacket": "packet-4"[39m
[32m}[39m
[32m[GATEWAY_TESTING] [2023-06-10T09:24:06.851Z] Packet #5 +1ms [39m
[32m{[39m
[32m  "receivedPacket": "packet-5",[39m
[32m  "expectedPacket": "packet-5"[39m
[32m}[39m
[32m[GATEWAY_TESTING] [2023-06-10T09:24:06.851Z] Packet #6 +0ms [39m
[32m{[39m
[32m  "receivedPacket": "packet-6",[39m
[32m  "expectedPacket": "packet-6"[39m
[32m}[39m
[32m[GATEWAY_TESTING] [2023-06-10T09:24:06.851Z] Packet #7 +0ms [39m
[32m{[39m
[32m  "receivedPacket": "packet-7",[39m
[32m  "expectedPacket": "packet-7"[39m
[32m}[39m
[32m[GATEWAY_TESTING] [2023-06-10T09:24:06.851Z] Packet #8 +0ms [39m
[32m{[39m
[32m  "receivedPacket": "packet-8",[39m
[32m  "expectedPacket": "packet-8"[39m
[32m}[39m
[32m[GATEWAY_TESTING] [2023-06-10T09:24:06.851Z] Packet #9 +0ms [39m
[32m{[39m
[32m  "receivedPacket": "packet-9",[39m
[32m  "expectedPacket": "packet-9"[39m
[32m}[39m
[32m[GATEWAY_TESTING] [2023-06-10T09:24:06.851Z] Packet #10 +0ms [39m
[32m{[39m
[32m  "receivedPacket": "packet-10",[39m
[32m  "expectedPacket": "packet-10"[39m
[32m}[39m
[33m[GATEWAY_TESTING] [2023-06-10T09:24:06.851Z] Total packets receive 10 +0ms [39m
[32m[GATEWAY_TESTING] [2023-06-10T09:24:06.852Z] Total packets receive 10 +1ms [39m
[33m[GATEWAY_TESTING] [2023-06-10T09:24:06.852Z] Fail packets 0 +0ms [39m
[32m[GATEWAY_TESTING] [2023-06-10T09:24:06.852Z] Fail packets 0 +0ms [39m
[36m[GATEWAY_TESTING] [2023-06-10T09:26:16.170Z] Connect to server success +0ms [39m
[36m[GATEWAY_TESTING] [2023-06-10T09:26:34.198Z] !xru264:packet-1# +0ms [39m
[36m{[39m
[36m  "message": "!xru264:packet-1#"[39m
[36m}[39m
[36m[GATEWAY_TESTING] [2023-06-10T09:26:34.211Z] !xru264:packet-2# +13ms [39m
[36m{[39m
[36m  "message": "!xru264:packet-2#"[39m
[36m}[39m
[36m[GATEWAY_TESTING] [2023-06-10T09:26:34.222Z] !xru264:packet-3# +11ms [39m
[36m{[39m
[36m  "message": "!xru264:packet-3#"[39m
[36m}[39m
[36m[GATEWAY_TESTING] [2023-06-10T09:26:34.233Z] !xru264:packet-4# +11ms [39m
[36m{[39m
[36m  "message": "!xru264:packet-4#"[39m
[36m}[39m
[36m[GATEWAY_TESTING] [2023-06-10T09:26:34.245Z] !xru264:packet-5# +12ms [39m
[36m{[39m
[36m  "message": "!xru264:packet-5#"[39m
[36m}[39m
[36m[GATEWAY_TESTING] [2023-06-10T09:26:34.255Z] !xru264:packet-6# +10ms [39m
[36m{[39m
[36m  "message": "!xru264:packet-6#"[39m
[36m}[39m
[36m[GATEWAY_TESTING] [2023-06-10T09:26:34.266Z] !xru264:packet-7# +11ms [39m
[36m{[39m
[36m  "message": "!xru264:packet-7#"[39m
[36m}[39m
[36m[GATEWAY_TESTING] [2023-06-10T09:26:34.277Z] !xru264:packet-8# +11ms [39m
[36m{[39m
[36m  "message": "!xru264:packet-8#"[39m
[36m}[39m
[36m[GATEWAY_TESTING] [2023-06-10T09:26:34.289Z] !xru264:packet-9# +12ms [39m
[36m{[39m
[36m  "message": "!xru264:packet-9#"[39m
[36m}[39m
[36m[GATEWAY_TESTING] [2023-06-10T09:26:34.301Z] !xru264:packet-10# +12ms [39m
[36m{[39m
[36m  "message": "!xru264:packet-10#"[39m
[36m}[39m
[36m[GATEWAY_TESTING] [2023-06-10T09:29:38.352Z] List port available +0ms [39m
[36m[[39m
[36m  {[39m
[36m    "path": "/dev/tty.wlan-debug"[39m
[36m  },[39m
[36m  {[39m
[36m    "path": "/dev/tty.usbserial-2",[39m
[36m    "manufacturer": "Silicon Labs",[39m
[36m    "serialNumber": "0001",[39m
[36m    "locationId": "01110000",[39m
[36m    "vendorId": "10c4",[39m
[36m    "productId": "ea60"[39m
[36m  }[39m
[36m][39m
[36m[GATEWAY_TESTING] [2023-06-10T09:32:52.105Z] List port available +0ms [39m
[36m[[39m
[36m  {[39m
[36m    "path": "/dev/tty.wlan-debug"[39m
[36m  },[39m
[36m  {[39m
[36m    "path": "/dev/tty.usbserial-0001",[39m
[36m    "manufacturer": "Silicon Labs",[39m
[36m    "serialNumber": "0001",[39m
[36m    "locationId": "01110000",[39m
[36m    "vendorId": "10c4",[39m
[36m    "productId": "ea60"[39m
[36m  }[39m
[36m][39m
[36m[GATEWAY_TESTING] [2023-06-10T09:34:28.855Z] List port available +0ms [39m
[36m[[39m
[36m  {[39m
[36m    "path": "/dev/tty.wlan-debug"[39m
[36m  },[39m
[36m  {[39m
[36m    "path": "/dev/tty.usbserial-0001",[39m
[36m    "manufacturer": "Silicon Labs",[39m
[36m    "serialNumber": "0001",[39m
[36m    "locationId": "01110000",[39m
[36m    "vendorId": "10c4",[39m
[36m    "productId": "ea60"[39m
[36m  }[39m
[36m][39m
[36m[GATEWAY_TESTING] [2023-06-10T09:39:29.538Z] Connect to server success +0ms [39m
[36m[GATEWAY_TESTING] [2023-06-10T09:39:30.668Z] !ulbyxs:packet-1# +0ms [39m
[36m{[39m
[36m  "message": "!ulbyxs:packet-1#"[39m
[36m}[39m
[36m[GATEWAY_TESTING] [2023-06-10T09:39:30.681Z] !ulbyxs:packet-2# +13ms [39m
[36m{[39m
[36m  "message": "!ulbyxs:packet-2#"[39m
[36m}[39m
[36m[GATEWAY_TESTING] [2023-06-10T09:39:30.692Z] !ulbyxs:packet-3# +11ms [39m
[36m{[39m
[36m  "message": "!ulbyxs:packet-3#"[39m
[36m}[39m
[36m[GATEWAY_TESTING] [2023-06-10T09:39:30.704Z] !ulbyxs:packet-4# +12ms [39m
[36m{[39m
[36m  "message": "!ulbyxs:packet-4#"[39m
[36m}[39m
[36m[GATEWAY_TESTING] [2023-06-10T09:39:30.716Z] !ulbyxs:packet-5# +12ms [39m
[36m{[39m
[36m  "message": "!ulbyxs:packet-5#"[39m
[36m}[39m
[36m[GATEWAY_TESTING] [2023-06-10T09:39:30.726Z] !ulbyxs:packet-6# +10ms [39m
[36m{[39m
[36m  "message": "!ulbyxs:packet-6#"[39m
[36m}[39m
[36m[GATEWAY_TESTING] [2023-06-10T09:39:30.738Z] !ulbyxs:packet-7# +12ms [39m
[36m{[39m
[36m  "message": "!ulbyxs:packet-7#"[39m
[36m}[39m
[36m[GATEWAY_TESTING] [2023-06-10T09:39:30.750Z] !ulbyxs:packet-8# +12ms [39m
[36m{[39m
[36m  "message": "!ulbyxs:packet-8#"[39m
[36m}[39m
[36m[GATEWAY_TESTING] [2023-06-10T09:39:30.761Z] !ulbyxs:packet-9# +11ms [39m
[36m{[39m
[36m  "message": "!ulbyxs:packet-9#"[39m
[36m}[39m
[36m[GATEWAY_TESTING] [2023-06-10T09:39:30.773Z] !ulbyxs:packet-10# +12ms [39m
[36m{[39m
[36m  "message": "!ulbyxs:packet-10#"[39m
[36m}[39m
[36m[GATEWAY_TESTING] [2023-06-10T09:39:30.783Z] !czuwb2:packet-1# +10ms [39m
[36m{[39m
[36m  "message": "!czuwb2:packet-1#"[39m
[36m}[39m
[36m[GATEWAY_TESTING] [2023-06-10T09:39:30.795Z] !czuwb2:packet-2# +12ms [39m
[36m{[39m
[36m  "message": "!czuwb2:packet-2#"[39m
[36m}[39m
[36m[GATEWAY_TESTING] [2023-06-10T09:39:30.805Z] !czuwb2:packet-3# +10ms [39m
[36m{[39m
[36m  "message": "!czuwb2:packet-3#"[39m
[36m}[39m
[36m[GATEWAY_TESTING] [2023-06-10T09:39:30.817Z] !czuwb2:packet-4# +12ms [39m
[36m{[39m
[36m  "message": "!czuwb2:packet-4#"[39m
[36m}[39m
[36m[GATEWAY_TESTING] [2023-06-10T09:39:30.829Z] !czuwb2:packet-5# +12ms [39m
[36m{[39m
[36m  "message": "!czuwb2:packet-5#"[39m
[36m}[39m
[36m[GATEWAY_TESTING] [2023-06-10T09:39:30.840Z] !czuwb2:packet-6# +11ms [39m
[36m{[39m
[36m  "message": "!czuwb2:packet-6#"[39m
[36m}[39m
[36m[GATEWAY_TESTING] [2023-06-10T09:39:30.851Z] !czuwb2:packet-7# +11ms [39m
[36m{[39m
[36m  "message": "!czuwb2:packet-7#"[39m
[36m}[39m
[36m[GATEWAY_TESTING] [2023-06-10T09:39:30.863Z] !czuwb2:packet-8# +12ms [39m
[36m{[39m
[36m  "message": "!czuwb2:packet-8#"[39m
[36m}[39m
[36m[GATEWAY_TESTING] [2023-06-10T09:39:30.874Z] !czuwb2:packet-9# +11ms [39m
[36m{[39m
[36m  "message": "!czuwb2:packet-9#"[39m
[36m}[39m
[36m[GATEWAY_TESTING] [2023-06-10T09:39:30.885Z] !czuwb2:packet-10# +11ms [39m
[36m{[39m
[36m  "message": "!czuwb2:packet-10#"[39m
[36m}[39m
[33m[GATEWAY_TESTING] [2023-06-10T09:39:31.728Z] Receive packet: "packet-1" +2s [39m
[32m[GATEWAY_TESTING] [2023-06-10T09:39:31.728Z] Receive packet: "packet-1" +0ms [39m
[33m[GATEWAY_TESTING] [2023-06-10T09:39:34.653Z] Receive packet: "packet-2" +3s [39m
[32m[GATEWAY_TESTING] [2023-06-10T09:39:34.654Z] Receive packet: "packet-2" +1ms [39m
[33m[GATEWAY_TESTING] [2023-06-10T09:39:38.406Z] Receive packet: "packet-3" +4s [39m
[32m[GATEWAY_TESTING] [2023-06-10T09:39:38.406Z] Receive packet: "packet-3" +0ms [39m
[33m[GATEWAY_TESTING] [2023-06-10T09:39:40.379Z] Receive packet: "packet-4" +2s [39m
[32m[GATEWAY_TESTING] [2023-06-10T09:39:40.379Z] Receive packet: "packet-4" +0ms [39m
[33m[GATEWAY_TESTING] [2023-06-10T09:39:43.227Z] Receive packet: "packet-5" +3s [39m
[32m[GATEWAY_TESTING] [2023-06-10T09:39:43.228Z] Receive packet: "packet-5" +1ms [39m
[33m[GATEWAY_TESTING] [2023-06-10T09:39:46.021Z] Receive packet: "packet-6" +3s [39m
[32m[GATEWAY_TESTING] [2023-06-10T09:39:46.021Z] Receive packet: "packet-6" +0ms [39m
[33m[GATEWAY_TESTING] [2023-06-10T09:39:48.886Z] Receive packet: "packet-7" +3s [39m
[32m[GATEWAY_TESTING] [2023-06-10T09:39:48.887Z] Receive packet: "packet-7" +1ms [39m
[33m[GATEWAY_TESTING] [2023-06-10T09:39:51.755Z] Receive packet: "packet-8" +3s [39m
[32m[GATEWAY_TESTING] [2023-06-10T09:39:51.756Z] Receive packet: "packet-8" +1ms [39m
[33m[GATEWAY_TESTING] [2023-06-10T09:39:54.724Z] Receive packet: "packet-9" +3s [39m
[32m[GATEWAY_TESTING] [2023-06-10T09:39:54.725Z] Receive packet: "packet-9" +1ms [39m
[33m[GATEWAY_TESTING] [2023-06-10T09:39:57.539Z] Receive packet: "packet-10" +3s [39m
[32m[GATEWAY_TESTING] [2023-06-10T09:39:57.540Z] Receive packet: "packet-10" +1ms [39m
[32m[GATEWAY_TESTING] [2023-06-10T09:39:57.540Z] Packet #1 +0ms [39m
[32m{[39m
[32m  "receivedPacket": "packet-1",[39m
[32m  "expectedPacket": "packet-1"[39m
[32m}[39m
[32m[GATEWAY_TESTING] [2023-06-10T09:39:57.541Z] Packet #2 +1ms [39m
[32m{[39m
[32m  "receivedPacket": "packet-2",[39m
[32m  "expectedPacket": "packet-2"[39m
[32m}[39m
[32m[GATEWAY_TESTING] [2023-06-10T09:39:57.541Z] Packet #3 +0ms [39m
[32m{[39m
[32m  "receivedPacket": "packet-3",[39m
[32m  "expectedPacket": "packet-3"[39m
[32m}[39m
[32m[GATEWAY_TESTING] [2023-06-10T09:39:57.541Z] Packet #4 +0ms [39m
[32m{[39m
[32m  "receivedPacket": "packet-4",[39m
[32m  "expectedPacket": "packet-4"[39m
[32m}[39m
[32m[GATEWAY_TESTING] [2023-06-10T09:39:57.541Z] Packet #5 +0ms [39m
[32m{[39m
[32m  "receivedPacket": "packet-5",[39m
[32m  "expectedPacket": "packet-5"[39m
[32m}[39m
[32m[GATEWAY_TESTING] [2023-06-10T09:39:57.541Z] Packet #6 +0ms [39m
[32m{[39m
[32m  "receivedPacket": "packet-6",[39m
[32m  "expectedPacket": "packet-6"[39m
[32m}[39m
[32m[GATEWAY_TESTING] [2023-06-10T09:39:57.541Z] Packet #7 +0ms [39m
[32m{[39m
[32m  "receivedPacket": "packet-7",[39m
[32m  "expectedPacket": "packet-7"[39m
[32m}[39m
[32m[GATEWAY_TESTING] [2023-06-10T09:39:57.541Z] Packet #8 +0ms [39m
[32m{[39m
[32m  "receivedPacket": "packet-8",[39m
[32m  "expectedPacket": "packet-8"[39m
[32m}[39m
[32m[GATEWAY_TESTING] [2023-06-10T09:39:57.541Z] Packet #9 +0ms [39m
[32m{[39m
[32m  "receivedPacket": "packet-9",[39m
[32m  "expectedPacket": "packet-9"[39m
[32m}[39m
[32m[GATEWAY_TESTING] [2023-06-10T09:39:57.541Z] Packet #10 +0ms [39m
[32m{[39m
[32m  "receivedPacket": "packet-10",[39m
[32m  "expectedPacket": "packet-10"[39m
[32m}[39m
[33m[GATEWAY_TESTING] [2023-06-10T09:39:57.542Z] Total packets receive 10 +1ms [39m
[32m[GATEWAY_TESTING] [2023-06-10T09:39:57.542Z] Total packets receive 10 +0ms [39m
[33m[GATEWAY_TESTING] [2023-06-10T09:39:57.542Z] Fail packets 0 +0ms [39m
[32m[GATEWAY_TESTING] [2023-06-10T09:39:57.542Z] Fail packets 0 +0ms [39m
[36m[GATEWAY_TESTING] [2023-06-10T09:40:35.861Z] !ulbyxs:packet-1# +0ms [39m
[36m{[39m
[36m  "message": "!ulbyxs:packet-1#"[39m
[36m}[39m
[36m[GATEWAY_TESTING] [2023-06-10T09:40:35.873Z] !ulbyxs:packet-2# +12ms [39m
[36m{[39m
[36m  "message": "!ulbyxs:packet-2#"[39m
[36m}[39m
[36m[GATEWAY_TESTING] [2023-06-10T09:40:35.885Z] !ulbyxs:packet-3# +12ms [39m
[36m{[39m
[36m  "message": "!ulbyxs:packet-3#"[39m
[36m}[39m
[36m[GATEWAY_TESTING] [2023-06-10T09:40:35.896Z] !ulbyxs:packet-4# +11ms [39m
[36m{[39m
[36m  "message": "!ulbyxs:packet-4#"[39m
[36m}[39m
[36m[GATEWAY_TESTING] [2023-06-10T09:40:35.908Z] !ulbyxs:packet-5# +12ms [39m
[36m{[39m
[36m  "message": "!ulbyxs:packet-5#"[39m
[36m}[39m
[36m[GATEWAY_TESTING] [2023-06-10T09:40:35.920Z] !ulbyxs:packet-6# +12ms [39m
[36m{[39m
[36m  "message": "!ulbyxs:packet-6#"[39m
[36m}[39m
[36m[GATEWAY_TESTING] [2023-06-10T09:40:35.931Z] !ulbyxs:packet-7# +11ms [39m
[36m{[39m
[36m  "message": "!ulbyxs:packet-7#"[39m
[36m}[39m
[36m[GATEWAY_TESTING] [2023-06-10T09:40:35.943Z] !ulbyxs:packet-8# +12ms [39m
[36m{[39m
[36m  "message": "!ulbyxs:packet-8#"[39m
[36m}[39m
[36m[GATEWAY_TESTING] [2023-06-10T09:40:35.954Z] !ulbyxs:packet-9# +11ms [39m
[36m{[39m
[36m  "message": "!ulbyxs:packet-9#"[39m
[36m}[39m
[36m[GATEWAY_TESTING] [2023-06-10T09:40:35.965Z] !ulbyxs:packet-10# +11ms [39m
[36m{[39m
[36m  "message": "!ulbyxs:packet-10#"[39m
[36m}[39m
[36m[GATEWAY_TESTING] [2023-06-10T09:41:33.688Z] !ulbyxs:packet-1# +0ms [39m
[36m{[39m
[36m  "message": "!ulbyxs:packet-1#"[39m
[36m}[39m
[36m[GATEWAY_TESTING] [2023-06-10T09:41:33.790Z] !ulbyxs:packet-2# +102ms [39m
[36m{[39m
[36m  "message": "!ulbyxs:packet-2#"[39m
[36m}[39m
[36m[GATEWAY_TESTING] [2023-06-10T09:41:33.892Z] !ulbyxs:packet-3# +102ms [39m
[36m{[39m
[36m  "message": "!ulbyxs:packet-3#"[39m
[36m}[39m
[36m[GATEWAY_TESTING] [2023-06-10T09:41:33.995Z] !ulbyxs:packet-4# +103ms [39m
[36m{[39m
[36m  "message": "!ulbyxs:packet-4#"[39m
[36m}[39m
[36m[GATEWAY_TESTING] [2023-06-10T09:41:34.098Z] !ulbyxs:packet-5# +103ms [39m
[36m{[39m
[36m  "message": "!ulbyxs:packet-5#"[39m
[36m}[39m
[36m[GATEWAY_TESTING] [2023-06-10T09:41:34.200Z] !ulbyxs:packet-6# +102ms [39m
[36m{[39m
[36m  "message": "!ulbyxs:packet-6#"[39m
[36m}[39m
[36m[GATEWAY_TESTING] [2023-06-10T09:41:34.302Z] !ulbyxs:packet-7# +102ms [39m
[36m{[39m
[36m  "message": "!ulbyxs:packet-7#"[39m
[36m}[39m
[36m[GATEWAY_TESTING] [2023-06-10T09:41:34.404Z] !ulbyxs:packet-8# +102ms [39m
[36m{[39m
[36m  "message": "!ulbyxs:packet-8#"[39m
[36m}[39m
[36m[GATEWAY_TESTING] [2023-06-10T09:41:34.506Z] !ulbyxs:packet-9# +102ms [39m
[36m{[39m
[36m  "message": "!ulbyxs:packet-9#"[39m
[36m}[39m
[36m[GATEWAY_TESTING] [2023-06-10T09:41:34.608Z] !ulbyxs:packet-10# +102ms [39m
[36m{[39m
[36m  "message": "!ulbyxs:packet-10#"[39m
[36m}[39m
[36m[GATEWAY_TESTING] [2023-06-10T09:43:17.495Z] !ulbyxs:packet-1# +0ms [39m
[36m{[39m
[36m  "message": "!ulbyxs:packet-1#"[39m
[36m}[39m
[36m[GATEWAY_TESTING] [2023-06-10T09:43:17.597Z] !ulbyxs:packet-2# +102ms [39m
[36m{[39m
[36m  "message": "!ulbyxs:packet-2#"[39m
[36m}[39m
[36m[GATEWAY_TESTING] [2023-06-10T09:43:17.698Z] !ulbyxs:packet-3# +101ms [39m
[36m{[39m
[36m  "message": "!ulbyxs:packet-3#"[39m
[36m}[39m
[36m[GATEWAY_TESTING] [2023-06-10T09:43:17.800Z] !ulbyxs:packet-4# +102ms [39m
[36m{[39m
[36m  "message": "!ulbyxs:packet-4#"[39m
[36m}[39m
[36m[GATEWAY_TESTING] [2023-06-10T09:43:17.903Z] !ulbyxs:packet-5# +103ms [39m
[36m{[39m
[36m  "message": "!ulbyxs:packet-5#"[39m
[36m}[39m
[36m[GATEWAY_TESTING] [2023-06-10T09:43:18.006Z] !ulbyxs:packet-6# +103ms [39m
[36m{[39m
[36m  "message": "!ulbyxs:packet-6#"[39m
[36m}[39m
[36m[GATEWAY_TESTING] [2023-06-10T09:43:18.109Z] !ulbyxs:packet-7# +103ms [39m
[36m{[39m
[36m  "message": "!ulbyxs:packet-7#"[39m
[36m}[39m
[36m[GATEWAY_TESTING] [2023-06-10T09:43:18.210Z] !ulbyxs:packet-8# +101ms [39m
[36m{[39m
[36m  "message": "!ulbyxs:packet-8#"[39m
[36m}[39m
[36m[GATEWAY_TESTING] [2023-06-10T09:43:18.313Z] !ulbyxs:packet-9# +103ms [39m
[36m{[39m
[36m  "message": "!ulbyxs:packet-9#"[39m
[36m}[39m
[36m[GATEWAY_TESTING] [2023-06-10T09:43:18.415Z] !ulbyxs:packet-10# +102ms [39m
[36m{[39m
[36m  "message": "!ulbyxs:packet-10#"[39m
[36m}[39m
[36m[GATEWAY_TESTING] [2023-06-10T09:45:01.544Z] !ulbyxs:packet-1# +0ms [39m
[36m{[39m
[36m  "message": "!ulbyxs:packet-1#"[39m
[36m}[39m
[36m[GATEWAY_TESTING] [2023-06-10T09:45:01.646Z] !ulbyxs:packet-2# +102ms [39m
[36m{[39m
[36m  "message": "!ulbyxs:packet-2#"[39m
[36m}[39m
[36m[GATEWAY_TESTING] [2023-06-10T09:45:01.748Z] !ulbyxs:packet-3# +102ms [39m
[36m{[39m
[36m  "message": "!ulbyxs:packet-3#"[39m
[36m}[39m
[36m[GATEWAY_TESTING] [2023-06-10T09:45:01.851Z] !ulbyxs:packet-4# +103ms [39m
[36m{[39m
[36m  "message": "!ulbyxs:packet-4#"[39m
[36m}[39m
[36m[GATEWAY_TESTING] [2023-06-10T09:45:01.952Z] !ulbyxs:packet-5# +101ms [39m
[36m{[39m
[36m  "message": "!ulbyxs:packet-5#"[39m
[36m}[39m
[36m[GATEWAY_TESTING] [2023-06-10T09:45:02.054Z] !ulbyxs:packet-6# +102ms [39m
[36m{[39m
[36m  "message": "!ulbyxs:packet-6#"[39m
[36m}[39m
[36m[GATEWAY_TESTING] [2023-06-10T09:45:02.158Z] !ulbyxs:packet-7# +104ms [39m
[36m{[39m
[36m  "message": "!ulbyxs:packet-7#"[39m
[36m}[39m
[36m[GATEWAY_TESTING] [2023-06-10T09:45:02.259Z] !ulbyxs:packet-8# +101ms [39m
[36m{[39m
[36m  "message": "!ulbyxs:packet-8#"[39m
[36m}[39m
[36m[GATEWAY_TESTING] [2023-06-10T09:45:02.362Z] !ulbyxs:packet-9# +103ms [39m
[36m{[39m
[36m  "message": "!ulbyxs:packet-9#"[39m
[36m}[39m
[36m[GATEWAY_TESTING] [2023-06-10T09:45:02.465Z] !ulbyxs:packet-10# +103ms [39m
[36m{[39m
[36m  "message": "!ulbyxs:packet-10#"[39m
[36m}[39m
[36m[GATEWAY_TESTING] [2023-06-10T09:46:45.937Z] !ulbyxs:packet1# +0ms [39m
[36m{[39m
[36m  "message": "!ulbyxs:packet1#"[39m
[36m}[39m
[36m[GATEWAY_TESTING] [2023-06-10T09:46:46.040Z] !ulbyxs:packet2# +103ms [39m
[36m{[39m
[36m  "message": "!ulbyxs:packet2#"[39m
[36m}[39m
[36m[GATEWAY_TESTING] [2023-06-10T09:46:46.142Z] !ulbyxs:packet3# +102ms [39m
[36m{[39m
[36m  "message": "!ulbyxs:packet3#"[39m
[36m}[39m
[36m[GATEWAY_TESTING] [2023-06-10T09:46:46.245Z] !ulbyxs:packet4# +103ms [39m
[36m{[39m
[36m  "message": "!ulbyxs:packet4#"[39m
[36m}[39m
[36m[GATEWAY_TESTING] [2023-06-10T09:46:46.347Z] !ulbyxs:packet5# +102ms [39m
[36m{[39m
[36m  "message": "!ulbyxs:packet5#"[39m
[36m}[39m
[36m[GATEWAY_TESTING] [2023-06-10T09:46:46.450Z] !ulbyxs:packet6# +103ms [39m
[36m{[39m
[36m  "message": "!ulbyxs:packet6#"[39m
[36m}[39m
[36m[GATEWAY_TESTING] [2023-06-10T09:46:46.551Z] !ulbyxs:packet7# +101ms [39m
[36m{[39m
[36m  "message": "!ulbyxs:packet7#"[39m
[36m}[39m
[36m[GATEWAY_TESTING] [2023-06-10T09:46:46.653Z] !ulbyxs:packet8# +102ms [39m
[36m{[39m
[36m  "message": "!ulbyxs:packet8#"[39m
[36m}[39m
[36m[GATEWAY_TESTING] [2023-06-10T09:46:46.755Z] !ulbyxs:packet9# +102ms [39m
[36m{[39m
[36m  "message": "!ulbyxs:packet9#"[39m
[36m}[39m
[36m[GATEWAY_TESTING] [2023-06-10T09:46:46.857Z] !ulbyxs:packet10# +102ms [39m
[36m{[39m
[36m  "message": "!ulbyxs:packet10#"[39m
[36m}[39m
[36m[GATEWAY_TESTING] [2023-06-10T09:49:18.337Z] !ulbyxs:packet1# +0ms [39m
[36m{[39m
[36m  "message": "!ulbyxs:packet1#"[39m
[36m}[39m
[36m[GATEWAY_TESTING] [2023-06-10T09:49:18.440Z] !ulbyxs:packet2# +102ms [39m
[36m{[39m
[36m  "message": "!ulbyxs:packet2#"[39m
[36m}[39m
[36m[GATEWAY_TESTING] [2023-06-10T09:49:18.452Z] !czuwb2:packet1# +12ms [39m
[36m{[39m
[36m  "message": "!czuwb2:packet1#"[39m
[36m}[39m
[36m[GATEWAY_TESTING] [2023-06-10T09:49:18.542Z] !ulbyxs:packet3# +90ms [39m
[36m{[39m
[36m  "message": "!ulbyxs:packet3#"[39m
[36m}[39m
[36m[GATEWAY_TESTING] [2023-06-10T09:49:18.554Z] !czuwb2:packet2# +12ms [39m
[36m{[39m
[36m  "message": "!czuwb2:packet2#"[39m
[36m}[39m
[36m[GATEWAY_TESTING] [2023-06-10T09:49:18.643Z] !ulbyxs:packet4# +89ms [39m
[36m{[39m
[36m  "message": "!ulbyxs:packet4#"[39m
[36m}[39m
[36m[GATEWAY_TESTING] [2023-06-10T09:49:18.657Z] !czuwb2:packet3# +14ms [39m
[36m{[39m
[36m  "message": "!czuwb2:packet3#"[39m
[36m}[39m
[36m[GATEWAY_TESTING] [2023-06-10T09:49:18.746Z] !ulbyxs:packet5# +89ms [39m
[36m{[39m
[36m  "message": "!ulbyxs:packet5#"[39m
[36m}[39m
[36m[GATEWAY_TESTING] [2023-06-10T09:49:18.757Z] !czuwb2:packet4# +11ms [39m
[36m{[39m
[36m  "message": "!czuwb2:packet4#"[39m
[36m}[39m
[36m[GATEWAY_TESTING] [2023-06-10T09:49:18.849Z] !ulbyxs:packet6# +92ms [39m
[36m{[39m
[36m  "message": "!ulbyxs:packet6#"[39m
[36m}[39m
[36m[GATEWAY_TESTING] [2023-06-10T09:49:18.859Z] !czuwb2:packet5# +10ms [39m
[36m{[39m
[36m  "message": "!czuwb2:packet5#"[39m
[36m}[39m
[36m[GATEWAY_TESTING] [2023-06-10T09:49:18.951Z] !ulbyxs:packet7# +92ms [39m
[36m{[39m
[36m  "message": "!ulbyxs:packet7#"[39m
[36m}[39m
[36m[GATEWAY_TESTING] [2023-06-10T09:49:18.961Z] !czuwb2:packet6# +10ms [39m
[36m{[39m
[36m  "message": "!czuwb2:packet6#"[39m
[36m}[39m
[36m[GATEWAY_TESTING] [2023-06-10T09:49:19.053Z] !ulbyxs:packet8# +92ms [39m
[36m{[39m
[36m  "message": "!ulbyxs:packet8#"[39m
[36m}[39m
[36m[GATEWAY_TESTING] [2023-06-10T09:49:19.061Z] !czuwb2:packet7# +8ms [39m
[36m{[39m
[36m  "message": "!czuwb2:packet7#"[39m
[36m}[39m
[36m[GATEWAY_TESTING] [2023-06-10T09:49:19.155Z] !ulbyxs:packet9# +94ms [39m
[36m{[39m
[36m  "message": "!ulbyxs:packet9#"[39m
[36m}[39m
[36m[GATEWAY_TESTING] [2023-06-10T09:49:19.163Z] !czuwb2:packet8# +8ms [39m
[36m{[39m
[36m  "message": "!czuwb2:packet8#"[39m
[36m}[39m
[36m[GATEWAY_TESTING] [2023-06-10T09:49:19.256Z] !ulbyxs:packet10# +93ms [39m
[36m{[39m
[36m  "message": "!ulbyxs:packet10#"[39m
[36m}[39m
[36m[GATEWAY_TESTING] [2023-06-10T09:49:19.264Z] !czuwb2:packet9# +8ms [39m
[36m{[39m
[36m  "message": "!czuwb2:packet9#"[39m
[36m}[39m
[36m[GATEWAY_TESTING] [2023-06-10T09:49:19.365Z] !czuwb2:packet10# +101ms [39m
[36m{[39m
[36m  "message": "!czuwb2:packet10#"[39m
[36m}[39m
[36m[GATEWAY_TESTING] [2023-06-10T09:50:56.504Z] Connect to server success +0ms [39m
[36m[GATEWAY_TESTING] [2023-06-10T09:50:59.053Z] !ulbyxs:packet7# +0ms [39m
[36m{[39m
[36m  "message": "!ulbyxs:packet7#"[39m
[36m}[39m
[36m[GATEWAY_TESTING] [2023-06-10T09:50:59.155Z] !ulbyxs:packet8# +102ms [39m
[36m{[39m
[36m  "message": "!ulbyxs:packet8#"[39m
[36m}[39m
[36m[GATEWAY_TESTING] [2023-06-10T09:50:59.169Z] !czuwb2:packet7# +14ms [39m
[36m{[39m
[36m  "message": "!czuwb2:packet7#"[39m
[36m}[39m
[36m[GATEWAY_TESTING] [2023-06-10T09:50:59.257Z] !ulbyxs:packet9# +88ms [39m
[36m{[39m
[36m  "message": "!ulbyxs:packet9#"[39m
[36m}[39m
[36m[GATEWAY_TESTING] [2023-06-10T09:50:59.270Z] !czuwb2:packet8# +13ms [39m
[36m{[39m
[36m  "message": "!czuwb2:packet8#"[39m
[36m}[39m
[36m[GATEWAY_TESTING] [2023-06-10T09:50:59.358Z] !ulbyxs:packet10# +88ms [39m
[36m{[39m
[36m  "message": "!ulbyxs:packet10#"[39m
[36m}[39m
[36m[GATEWAY_TESTING] [2023-06-10T09:50:59.372Z] !czuwb2:packet9# +14ms [39m
[36m{[39m
[36m  "message": "!czuwb2:packet9#"[39m
[36m}[39m
[36m[GATEWAY_TESTING] [2023-06-10T09:50:59.461Z] !ulbyxs:packet11# +89ms [39m
[36m{[39m
[36m  "message": "!ulbyxs:packet11#"[39m
[36m}[39m
[36m[GATEWAY_TESTING] [2023-06-10T09:50:59.474Z] !czuwb2:packet10# +13ms [39m
[36m{[39m
[36m  "message": "!czuwb2:packet10#"[39m
[36m}[39m
[36m[GATEWAY_TESTING] [2023-06-10T09:50:59.563Z] !ulbyxs:packet12# +89ms [39m
[36m{[39m
[36m  "message": "!ulbyxs:packet12#"[39m
[36m}[39m
[36m[GATEWAY_TESTING] [2023-06-10T09:50:59.575Z] !czuwb2:packet11# +12ms [39m
[36m{[39m
[36m  "message": "!czuwb2:packet11#"[39m
[36m}[39m
[36m[GATEWAY_TESTING] [2023-06-10T09:50:59.664Z] !ulbyxs:packet13# +89ms [39m
[36m{[39m
[36m  "message": "!ulbyxs:packet13#"[39m
[36m}[39m
[36m[GATEWAY_TESTING] [2023-06-10T09:50:59.677Z] !czuwb2:packet12# +13ms [39m
[36m{[39m
[36m  "message": "!czuwb2:packet12#"[39m
[36m}[39m
[36m[GATEWAY_TESTING] [2023-06-10T09:50:59.764Z] !ulbyxs:packet14# +87ms [39m
[36m{[39m
[36m  "message": "!ulbyxs:packet14#"[39m
[36m}[39m
[36m[GATEWAY_TESTING] [2023-06-10T09:50:59.779Z] !czuwb2:packet13# +15ms [39m
[36m{[39m
[36m  "message": "!czuwb2:packet13#"[39m
[36m}[39m
[36m[GATEWAY_TESTING] [2023-06-10T09:50:59.866Z] !ulbyxs:packet15# +87ms [39m
[36m{[39m
[36m  "message": "!ulbyxs:packet15#"[39m
[36m}[39m
[36m[GATEWAY_TESTING] [2023-06-10T09:50:59.880Z] !czuwb2:packet14# +14ms [39m
[36m{[39m
[36m  "message": "!czuwb2:packet14#"[39m
[36m}[39m
[36m[GATEWAY_TESTING] [2023-06-10T09:50:59.968Z] !ulbyxs:packet16# +88ms [39m
[36m{[39m
[36m  "message": "!ulbyxs:packet16#"[39m
[36m}[39m
[36m[GATEWAY_TESTING] [2023-06-10T09:50:59.981Z] !czuwb2:packet15# +13ms [39m
[36m{[39m
[36m  "message": "!czuwb2:packet15#"[39m
[36m}[39m
[36m[GATEWAY_TESTING] [2023-06-10T09:51:00.083Z] !czuwb2:packet16# +102ms [39m
[36m{[39m
[36m  "message": "!czuwb2:packet16#"[39m
[36m}[39m
[33m[GATEWAY_TESTING] [2023-06-10T09:51:01.009Z] Receive packet: "packet7" +5s [39m
[32m[GATEWAY_TESTING] [2023-06-10T09:51:01.010Z] Receive packet: "packet7" +1ms [39m
[33m[GATEWAY_TESTING] [2023-06-10T09:51:03.769Z] Receive packet: "packet8" +3s [39m
[32m[GATEWAY_TESTING] [2023-06-10T09:51:03.770Z] Receive packet: "packet8" +1ms [39m
[33m[GATEWAY_TESTING] [2023-06-10T09:51:09.504Z] Receive packet: "packet9" +6s [39m
[32m[GATEWAY_TESTING] [2023-06-10T09:51:09.505Z] Receive packet: "packet9" +1ms [39m
[33m[GATEWAY_TESTING] [2023-06-10T09:51:12.372Z] Receive packet: "packet10" +3s [39m
[32m[GATEWAY_TESTING] [2023-06-10T09:51:12.373Z] Receive packet: "packet10" +1ms [39m
[33m[GATEWAY_TESTING] [2023-06-10T09:51:18.106Z] Receive packet: "packet11" +6s [39m
[32m[GATEWAY_TESTING] [2023-06-10T09:51:18.107Z] Receive packet: "packet11" +1ms [39m
[33m[GATEWAY_TESTING] [2023-06-10T09:51:24.250Z] Receive packet: "packet12" +6s [39m
[32m[GATEWAY_TESTING] [2023-06-10T09:51:24.251Z] Receive packet: "packet12" +1ms [39m
[33m[GATEWAY_TESTING] [2023-06-10T09:51:27.118Z] Receive packet: "packet13" +3s [39m
[32m[GATEWAY_TESTING] [2023-06-10T09:51:27.119Z] Receive packet: "packet13" +1ms [39m
[33m[GATEWAY_TESTING] [2023-06-10T09:51:29.983Z] Receive packet: "packet14" +3s [39m
[32m[GATEWAY_TESTING] [2023-06-10T09:51:29.984Z] Receive packet: "packet14" +1ms [39m
[33m[GATEWAY_TESTING] [2023-06-10T09:51:38.538Z] Receive packet: "packet15" +9s [39m
[32m[GATEWAY_TESTING] [2023-06-10T09:51:38.539Z] Receive packet: "packet15" +0ms [39m
[33m[GATEWAY_TESTING] [2023-06-10T09:51:41.453Z] Receive packet: "packet16" +3s [39m
[32m[GATEWAY_TESTING] [2023-06-10T09:51:41.453Z] Receive packet: "packet16" +0ms [39m
[32m[GATEWAY_TESTING] [2023-06-10T09:51:41.454Z] Packet #1 +1ms [39m
[32m{[39m
[32m  "receivedPacket": "packet7",[39m
[32m  "expectedPacket": "packet-1"[39m
[32m}[39m
[32m[GATEWAY_TESTING] [2023-06-10T09:51:41.455Z] Packet #2 +1ms [39m
[32m{[39m
[32m  "receivedPacket": "packet8",[39m
[32m  "expectedPacket": "packet-2"[39m
[32m}[39m
[32m[GATEWAY_TESTING] [2023-06-10T09:51:41.455Z] Packet #3 +0ms [39m
[32m{[39m
[32m  "receivedPacket": "packet9",[39m
[32m  "expectedPacket": "packet-3"[39m
[32m}[39m
[32m[GATEWAY_TESTING] [2023-06-10T09:51:41.455Z] Packet #4 +0ms [39m
[32m{[39m
[32m  "receivedPacket": "packet10",[39m
[32m  "expectedPacket": "packet-4"[39m
[32m}[39m
[32m[GATEWAY_TESTING] [2023-06-10T09:51:41.455Z] Packet #5 +0ms [39m
[32m{[39m
[32m  "receivedPacket": "packet11",[39m
[32m  "expectedPacket": "packet-5"[39m
[32m}[39m
[32m[GATEWAY_TESTING] [2023-06-10T09:51:41.455Z] Packet #6 +0ms [39m
[32m{[39m
[32m  "receivedPacket": "packet12",[39m
[32m  "expectedPacket": "packet-6"[39m
[32m}[39m
[32m[GATEWAY_TESTING] [2023-06-10T09:51:41.455Z] Packet #7 +0ms [39m
[32m{[39m
[32m  "receivedPacket": "packet13",[39m
[32m  "expectedPacket": "packet-7"[39m
[32m}[39m
[32m[GATEWAY_TESTING] [2023-06-10T09:51:41.455Z] Packet #8 +0ms [39m
[32m{[39m
[32m  "receivedPacket": "packet14",[39m
[32m  "expectedPacket": "packet-8"[39m
[32m}[39m
[32m[GATEWAY_TESTING] [2023-06-10T09:51:41.455Z] Packet #9 +0ms [39m
[32m{[39m
[32m  "receivedPacket": "packet15",[39m
[32m  "expectedPacket": "packet-9"[39m
[32m}[39m
[32m[GATEWAY_TESTING] [2023-06-10T09:51:41.456Z] Packet #10 +1ms [39m
[32m{[39m
[32m  "receivedPacket": "packet16",[39m
[32m  "expectedPacket": "packet-10"[39m
[32m}[39m
[33m[GATEWAY_TESTING] [2023-06-10T09:51:41.456Z] Total packets receive 10 +0ms [39m
[32m[GATEWAY_TESTING] [2023-06-10T09:51:41.456Z] Total packets receive 10 +0ms [39m
[33m[GATEWAY_TESTING] [2023-06-10T09:51:41.456Z] Fail packets 10 +0ms [39m
[32m[GATEWAY_TESTING] [2023-06-10T09:51:41.456Z] Fail packets 10 +0ms [39m
[36m[GATEWAY_TESTING] [2023-06-10T09:55:21.746Z] !ulbyxs:packet7# +0ms [39m
[36m{[39m
[36m  "message": "!ulbyxs:packet7#"[39m
[36m}[39m
[36m[GATEWAY_TESTING] [2023-06-10T09:55:21.864Z] !czuwb2:packet7# +118ms [39m
[36m{[39m
[36m  "message": "!czuwb2:packet7#"[39m
[36m}[39m
[36m[GATEWAY_TESTING] [2023-06-10T09:55:21.949Z] !ulbyxs:packet8# +85ms [39m
[36m{[39m
[36m  "message": "!ulbyxs:packet8#"[39m
[36m}[39m
[36m[GATEWAY_TESTING] [2023-06-10T09:55:22.065Z] !czuwb2:packet8# +116ms [39m
[36m{[39m
[36m  "message": "!czuwb2:packet8#"[39m
[36m}[39m
[36m[GATEWAY_TESTING] [2023-06-10T09:55:22.151Z] !ulbyxs:packet9# +86ms [39m
[36m{[39m
[36m  "message": "!ulbyxs:packet9#"[39m
[36m}[39m
[36m[GATEWAY_TESTING] [2023-06-10T09:55:22.268Z] !czuwb2:packet9# +117ms [39m
[36m{[39m
[36m  "message": "!czuwb2:packet9#"[39m
[36m}[39m
[36m[GATEWAY_TESTING] [2023-06-10T09:55:22.353Z] !ulbyxs:packet10# +85ms [39m
[36m{[39m
[36m  "message": "!ulbyxs:packet10#"[39m
[36m}[39m
[36m[GATEWAY_TESTING] [2023-06-10T09:55:22.469Z] !czuwb2:packet10# +116ms [39m
[36m{[39m
[36m  "message": "!czuwb2:packet10#"[39m
[36m}[39m
[36m[GATEWAY_TESTING] [2023-06-10T09:55:22.554Z] !ulbyxs:packet11# +85ms [39m
[36m{[39m
[36m  "message": "!ulbyxs:packet11#"[39m
[36m}[39m
[33m[GATEWAY_TESTING] [2023-06-10T09:55:22.606Z] Receive packet: "packet7" +4m [39m
[32m[GATEWAY_TESTING] [2023-06-10T09:55:22.607Z] Receive packet: "packet7" +1ms [39m
[36m[GATEWAY_TESTING] [2023-06-10T09:55:22.671Z] !czuwb2:packet11# +117ms [39m
[36m{[39m
[36m  "message": "!czuwb2:packet11#"[39m
[36m}[39m
[36m[GATEWAY_TESTING] [2023-06-10T09:55:22.756Z] !ulbyxs:packet12# +85ms [39m
[36m{[39m
[36m  "message": "!ulbyxs:packet12#"[39m
[36m}[39m
[36m[GATEWAY_TESTING] [2023-06-10T09:55:22.872Z] !czuwb2:packet12# +116ms [39m
[36m{[39m
[36m  "message": "!czuwb2:packet12#"[39m
[36m}[39m
[36m[GATEWAY_TESTING] [2023-06-10T09:55:22.958Z] !ulbyxs:packet13# +87ms [39m
[36m{[39m
[36m  "message": "!ulbyxs:packet13#"[39m
[36m}[39m
[36m[GATEWAY_TESTING] [2023-06-10T09:55:23.075Z] !czuwb2:packet13# +116ms [39m
[36m{[39m
[36m  "message": "!czuwb2:packet13#"[39m
[36m}[39m
[36m[GATEWAY_TESTING] [2023-06-10T09:55:23.160Z] !ulbyxs:packet14# +85ms [39m
[36m{[39m
[36m  "message": "!ulbyxs:packet14#"[39m
[36m}[39m
[36m[GATEWAY_TESTING] [2023-06-10T09:55:23.277Z] !czuwb2:packet14# +117ms [39m
[36m{[39m
[36m  "message": "!czuwb2:packet14#"[39m
[36m}[39m
[36m[GATEWAY_TESTING] [2023-06-10T09:55:23.362Z] !ulbyxs:packet15# +85ms [39m
[36m{[39m
[36m  "message": "!ulbyxs:packet15#"[39m
[36m}[39m
[36m[GATEWAY_TESTING] [2023-06-10T09:55:23.478Z] !czuwb2:packet15# +116ms [39m
[36m{[39m
[36m  "message": "!czuwb2:packet15#"[39m
[36m}[39m
[36m[GATEWAY_TESTING] [2023-06-10T09:55:23.564Z] !ulbyxs:packet16# +86ms [39m
[36m{[39m
[36m  "message": "!ulbyxs:packet16#"[39m
[36m}[39m
[36m[GATEWAY_TESTING] [2023-06-10T09:55:23.680Z] !czuwb2:packet16# +116ms [39m
[36m{[39m
[36m  "message": "!czuwb2:packet16#"[39m
[36m}[39m
[33m[GATEWAY_TESTING] [2023-06-10T09:55:28.266Z] Receive packet: "packet8" +6s [39m
[32m[GATEWAY_TESTING] [2023-06-10T09:55:28.266Z] Receive packet: "packet8" +0ms [39m
[33m[GATEWAY_TESTING] [2023-06-10T09:55:34.001Z] Receive packet: "packet9" +6s [39m
[32m[GATEWAY_TESTING] [2023-06-10T09:55:34.006Z] Receive packet: "packet9" +5ms [39m
[33m[GATEWAY_TESTING] [2023-06-10T09:55:39.735Z] Receive packet: "packet10" +6s [39m
[32m[GATEWAY_TESTING] [2023-06-10T09:55:39.735Z] Receive packet: "packet10" +0ms [39m
[33m[GATEWAY_TESTING] [2023-06-10T09:55:45.469Z] Receive packet: "packet11" +6s [39m
[32m[GATEWAY_TESTING] [2023-06-10T09:55:45.469Z] Receive packet: "packet11" +0ms [39m
[33m[GATEWAY_TESTING] [2023-06-10T09:55:51.613Z] Receive packet: "packet12" +6s [39m
[32m[GATEWAY_TESTING] [2023-06-10T09:55:51.613Z] Receive packet: "packet12" +0ms [39m
[33m[GATEWAY_TESTING] [2023-06-10T09:55:58.577Z] Receive packet: "packet13" +7s [39m
[32m[GATEWAY_TESTING] [2023-06-10T09:55:58.577Z] Receive packet: "packet13" +0ms [39m
[33m[GATEWAY_TESTING] [2023-06-10T09:56:04.311Z] Receive packet: "packet14" +6s [39m
[32m[GATEWAY_TESTING] [2023-06-10T09:56:04.312Z] Receive packet: "packet14" +1ms [39m
[33m[GATEWAY_TESTING] [2023-06-10T09:56:10.045Z] Receive packet: "packet15" +6s [39m
[32m[GATEWAY_TESTING] [2023-06-10T09:56:10.045Z] Receive packet: "packet15" +0ms [39m
[33m[GATEWAY_TESTING] [2023-06-10T09:56:15.676Z] Receive packet: "packet16" +6s [39m
[32m[GATEWAY_TESTING] [2023-06-10T09:56:15.677Z] Receive packet: "packet16" +1ms [39m
[32m[GATEWAY_TESTING] [2023-06-10T09:56:15.677Z] Packet #1 +0ms [39m
[32m{[39m
[32m  "receivedPacket": "packet7",[39m
[32m  "expectedPacket": "packet-1"[39m
[32m}[39m
[32m[GATEWAY_TESTING] [2023-06-10T09:56:15.677Z] Packet #2 +0ms [39m
[32m{[39m
[32m  "receivedPacket": "packet8",[39m
[32m  "expectedPacket": "packet-2"[39m
[32m}[39m
[32m[GATEWAY_TESTING] [2023-06-10T09:56:15.677Z] Packet #3 +0ms [39m
[32m{[39m
[32m  "receivedPacket": "packet9",[39m
[32m  "expectedPacket": "packet-3"[39m
[32m}[39m
[32m[GATEWAY_TESTING] [2023-06-10T09:56:15.677Z] Packet #4 +0ms [39m
[32m{[39m
[32m  "receivedPacket": "packet10",[39m
[32m  "expectedPacket": "packet-4"[39m
[32m}[39m
[32m[GATEWAY_TESTING] [2023-06-10T09:56:15.677Z] Packet #5 +0ms [39m
[32m{[39m
[32m  "receivedPacket": "packet11",[39m
[32m  "expectedPacket": "packet-5"[39m
[32m}[39m
[32m[GATEWAY_TESTING] [2023-06-10T09:56:15.677Z] Packet #6 +0ms [39m
[32m{[39m
[32m  "receivedPacket": "packet12",[39m
[32m  "expectedPacket": "packet-6"[39m
[32m}[39m
[32m[GATEWAY_TESTING] [2023-06-10T09:56:15.678Z] Packet #7 +1ms [39m
[32m{[39m
[32m  "receivedPacket": "packet13",[39m
[32m  "expectedPacket": "packet-7"[39m
[32m}[39m
[32m[GATEWAY_TESTING] [2023-06-10T09:56:15.678Z] Packet #8 +0ms [39m
[32m{[39m
[32m  "receivedPacket": "packet14",[39m
[32m  "expectedPacket": "packet-8"[39m
[32m}[39m
[32m[GATEWAY_TESTING] [2023-06-10T09:56:15.679Z] Packet #9 +1ms [39m
[32m{[39m
[32m  "receivedPacket": "packet15",[39m
[32m  "expectedPacket": "packet-9"[39m
[32m}[39m
[32m[GATEWAY_TESTING] [2023-06-10T09:56:15.679Z] Packet #10 +0ms [39m
[32m{[39m
[32m  "receivedPacket": "packet16",[39m
[32m  "expectedPacket": "packet-10"[39m
[32m}[39m
[32m[GATEWAY_TESTING] [2023-06-10T09:56:15.679Z] Packet #11 +0ms [39m
[32m{[39m
[32m  "receivedPacket": "packet7",[39m
[32m  "expectedPacket": "packet-11"[39m
[32m}[39m
[32m[GATEWAY_TESTING] [2023-06-10T09:56:15.679Z] Packet #12 +0ms [39m
[32m{[39m
[32m  "receivedPacket": "packet8",[39m
[32m  "expectedPacket": "packet-12"[39m
[32m}[39m
[32m[GATEWAY_TESTING] [2023-06-10T09:56:15.679Z] Packet #13 +0ms [39m
[32m{[39m
[32m  "receivedPacket": "packet9",[39m
[32m  "expectedPacket": "packet-13"[39m
[32m}[39m
[32m[GATEWAY_TESTING] [2023-06-10T09:56:15.679Z] Packet #14 +0ms [39m
[32m{[39m
[32m  "receivedPacket": "packet10",[39m
[32m  "expectedPacket": "packet-14"[39m
[32m}[39m
[32m[GATEWAY_TESTING] [2023-06-10T09:56:15.679Z] Packet #15 +0ms [39m
[32m{[39m
[32m  "receivedPacket": "packet11",[39m
[32m  "expectedPacket": "packet-15"[39m
[32m}[39m
[32m[GATEWAY_TESTING] [2023-06-10T09:56:15.679Z] Packet #16 +0ms [39m
[32m{[39m
[32m  "receivedPacket": "packet12",[39m
[32m  "expectedPacket": "packet-16"[39m
[32m}[39m
[32m[GATEWAY_TESTING] [2023-06-10T09:56:15.679Z] Packet #17 +0ms [39m
[32m{[39m
[32m  "receivedPacket": "packet13",[39m
[32m  "expectedPacket": "packet-17"[39m
[32m}[39m
[32m[GATEWAY_TESTING] [2023-06-10T09:56:15.680Z] Packet #18 +1ms [39m
[32m{[39m
[32m  "receivedPacket": "packet14",[39m
[32m  "expectedPacket": "packet-18"[39m
[32m}[39m
[32m[GATEWAY_TESTING] [2023-06-10T09:56:15.680Z] Packet #19 +0ms [39m
[32m{[39m
[32m  "receivedPacket": "packet15",[39m
[32m  "expectedPacket": "packet-19"[39m
[32m}[39m
[32m[GATEWAY_TESTING] [2023-06-10T09:56:15.680Z] Packet #20 +0ms [39m
[32m{[39m
[32m  "receivedPacket": "packet16",[39m
[32m  "expectedPacket": "packet-20"[39m
[32m}[39m
[33m[GATEWAY_TESTING] [2023-06-10T09:56:15.680Z] Total packets receive 20 +0ms [39m
[32m[GATEWAY_TESTING] [2023-06-10T09:56:15.680Z] Total packets receive 20 +0ms [39m
[33m[GATEWAY_TESTING] [2023-06-10T09:56:15.680Z] Fail packets 20 +0ms [39m
[32m[GATEWAY_TESTING] [2023-06-10T09:56:15.680Z] Fail packets 20 +0ms [39m
